2903 vertices read.
5804 faces read.
Initializing edge costs.
Init edges.
Edges: 8706
[0;33mTarget vertex count: 2323[0m
Collapse: 1249-1251
***Faces 2282 X 2290
(1251 98 99)
(1256 1255 1249)
Collapse: 2648-2651
***Faces 5193 X 5195
(2651 90 2647)
(2649 94 2648)
Collapse: 1207-1210
***Faces 2192 X 2194
(1206 94 1210)
(1207 93 1208)
Collapse: 624-626
***Faces 260 X 4706
(54 626 622)
(2411 2353 2399)
Collapse: 624-626
***Faces 277 X 4706
(53 626 54)
(2411 2353 2399)
Collapse: 624-626
***Faces 277 X 4732
(53 626 54)
(2411 2399 2392)
Collapse: 2666-2668
***Faces 5230 X 5240
(2668 2663 2665)
(2656 2659 2666)
Collapse: 2604-2608
***Faces 5106 X 5108
(2605 2613 2608)
(2604 2614 2585)
Collapse: 2604-2608
***Faces 5106 X 5131
(2605 2613 2608)
(2624 2604 2585)
Collapse: 2006-2014
***Faces 3478 X 3450
(1606 1998 2014)
(1616 1614 2006)
Collapse: 671-698
***Faces 640 X 671
(698 663 662)
(693 671 670)
Collapse: 2023-2041
***Faces 3438 X 3472
(2041 2015 2016)
(2023 2024 2047)
Collapse: 2690-2692
***Faces 5284 X 5290
(2691 98 2692)
(2690 100 2696)
Collapse: 1121-1122
***Faces 2218 X 2016
(1122 1120 1219)
(1097 1111 1121)
Collapse: 1028-1015
***Faces 1853 X 1848
(1015 1032 1048)
(1016 1028 1027)
Collapse: 1355-1356
***Faces 2493 X 2489
(1348 1356 1341)
(1293 1355 1289)
Collapse: 524-525
***Faces 1402 X 1430
(509 525 523)
(524 539 538)
Collapse: 2542-2567
***Faces 4975 X 4977
(2567 2529 2530)
(2542 2531 2543)
Collapse: 2900-2901
***Faces 5673 X 5668
(2877 2899 2901)
(2900 2896 2897)
Collapse: 2644-2658
***Faces 5168 X 5211
(2658 2643 2633)
(2655 2653 2644)
Collapse: 2052-2025
***Faces 3389 X 3471
(2046 2025 2051)
(2024 2052 2047)
Collapse: 1978-1980
***Faces 3060 X 4707
(55 1976 1980)
(2289 2291 2292)
Collapse: 1978-1980
***Faces 3060 X 4709
(55 1976 1980)
(2411 2289 2292)
Collapse: 1978-1980
***Faces 3061 X 4705
(55 1980 54)
(2392 2289 2411)
Collapse: 1978-1980
***Faces 3061 X 4709
(55 1980 54)
(2411 2289 2292)
Collapse: 1026-1014
***Faces 1877 X 2726
(1014 1054 1032)
(1015 1026 1028)
Collapse: 1898-1899
***Faces 4240 X 4466
(1883 1897 1899)
(1898 1983 1985)
Collapse: 2790-2791
***Faces 5493 X 5458
(2773 2789 2791)
(2711 2790 2714)
Collapse: 2874-2884
***Faces 5612 X 5614
(2884 2862 2863)
(2874 2887 2873)
Collapse: 2455-2467
***Faces 4830 X 4831
(2451 2467 2454)
(2452 2469 2455)
Collapse: 2455-2467
***Faces 4830 X 5727
(2451 2467 2454)
(2469 2455 2456)
Collapse: 2455-2467
***Faces 4832 X 5727
(2452 2467 2451)
(2469 2455 2456)
Collapse: 1173-1174
***Faces 2106 X 2115
(1144 1174 1172)
(1177 1178 1173)
Collapse: 2007-2015
***Faces 3486 X 3452
(1998 1999 2015)
(2014 2006 2007)
Collapse: 1071-1078
***Faces 1919 X 1921
(1070 1078 1060)
(1071 1072 1051)
Collapse: 2898-2899
***Faces 5696 X 5664
(2876 2893 2899)
(2898 2894 2895)
Collapse: 2512-2519
***Faces 4920 X 4934
(2500 2501 2519)
(2512 2513 2520)
Collapse: 2804-2808
***Faces 5508 X 5516
(2805 2808 2801)
(2804 2807 2803)
Collapse: 1537-1567
***Faces 3683 X 3691
(1525 1524 1567)
(1537 1536 2211)
Collapse: 522-523
***Faces 1398 X 1426
(507 523 521)
(522 537 536)
Collapse: 754-755
***Faces 336 X 334
(764 755 753)
(762 754 763)
Collapse: 2291-2298
***Faces 4707 X 3060
(2289 2298 2292)
(55 1976 1980)
Collapse: 2291-2298
***Faces 4707 X 3062
(2289 2298 2292)
(56 1974 1976)
Collapse: 2291-2298
***Faces 4707 X 3063
(2289 2298 2292)
(56 1976 55)
Collapse: 2291-2298
***Faces 4707 X 3065
(2289 2298 2292)
(57 1974 56)
Collapse: 2529-2530
***Faces 4951 X 4953
(2530 2528 2499)
(2529 2515 2508)
Collapse: 2527-2552
***Faces 4948 X 4995
(2552 2497 2498)
(2527 2551 2526)
Collapse: 2527-2552
***Faces 4949 X 4995
(2528 2552 2498)
(2527 2551 2526)
Collapse: 2872-2889
***Faces 5633 X 5641
(2889 2861 2862)
(2872 2873 2887)
Collapse: 712-713
***Faces 541 X 551
(713 706 711)
(718 712 717)
Collapse: 560-562
***Faces 120 X 121
(559 562 561)
(560 552 554)
Collapse: 560-562
***Faces 120 X 122
(559 562 561)
(560 553 554)
Collapse: 883-884
***Faces 1522 X 1520
(893 884 881)
(892 883 891)
Collapse: 1468-1479
***Faces 5757 X 5759
(2677 1478 1479)
(2675 1468 1469)
Collapse: 2303-2310
***Faces 4491 X 4503
(2297 2310 2298)
(2303 2311 2305)
Collapse: 1879-1880
***Faces 4202 X 4232
(1864 1878 1880)
(1879 1893 1894)
Collapse: 1549-1558
***Faces 3677 X 3665
(1528 1527 1558)
(1541 1540 1549)
Collapse: 1925-1930
***Faces 2940 X 2957
(1930 1922 1923)
(1929 1924 1925)
Collapse: 1925-1930
***Faces 2940 X 2960
(1930 1922 1923)
(1931 1925 1767)
Collapse: 1890-1891
***Faces 4224 X 4646
(520 535 1891)
(2388 2396 2389)
Collapse: 1890-1891
***Faces 4224 X 4647
(520 535 1891)
(2389 2396 2397)
Collapse: 1890-1891
***Faces 4225 X 4622
(520 1891 1876)
(2374 2382 2383)
Collapse: 1890-1891
***Faces 4225 X 4635
(520 1891 1876)
(2382 2389 2390)
Collapse: 1890-1891
***Faces 4225 X 4636
(520 1891 1876)
(2382 2390 2383)
Collapse: 1890-1891
***Faces 4225 X 4647
(520 1891 1876)
(2389 2396 2397)
Collapse: 1890-1891
***Faces 4225 X 4648
(520 1891 1876)
(2389 2397 2390)
Collapse: 1890-1891
***Faces 4471 X 4645
(1891 535 67)
(2388 2395 2396)
Collapse: 1890-1891
***Faces 4471 X 4646
(1891 535 67)
(2388 2396 2389)
Collapse: 1890-1891
***Faces 4471 X 4657
(1891 535 67)
(2395 968 969)
Collapse: 1890-1891
***Faces 4471 X 4658
(1891 535 67)
(2395 969 2396)
Collapse: 2548-2882
***Faces 4986 X 4987
(2882 2532 2547)
(2544 2533 2548)
Collapse: 1021-1065
***Faces 1861 X 2724
(1036 1023 1065)
(1039 1038 1021)
Collapse: 2462-2506
***Faces 4862 X 4909
(2479 2506 2464)
(2462 2480 2505)
Collapse: 2141-2153
***Faces 3211 X 3411
(2151 2153 2139)
(2141 2030 2092)
Collapse: 2454-2466
***Faces 4830 X 5727
(2451 2467 2466)
(2469 2455 2456)
Collapse: 1462-2798
***Faces 3529 X 3552
(2 2798 105)
(1473 1463 1462)
Collapse: 2614-2615
***Faces 5107 X 5706
(2608 2613 2615)
(2617 2619 2614)
Collapse: 1020-1024
***Faces 2720 X 2723
(1007 1024 1009)
(1020 1025 1013)
Collapse: 180-857
***Faces 880 X 892
(857 10 167)
(211 180 181)
Collapse: 626-625
***Faces 260 X 4706
(54 625 622)
(2411 2353 2399)
Collapse: 626-625
***Faces 277 X 4706
(53 625 54)
(2411 2353 2399)
Collapse: 626-625
***Faces 277 X 4732
(53 625 54)
(2411 2399 2392)
Collapse: 2714-2715
***Faces 5455 X 5458
(2715 2791 2789)
(2711 2790 2714)
Collapse: 53-54
***Faces 259 X 276
(51 625 54)
(53 626 624)
Collapse: 1212-1214
***Faces 2201 X 2210
(1211 1213 1214)
(1217 1203 1212)
Collapse: 2252-2267
***Faces 4332 X 4358
(2251 2223 2267)
(2252 2268 2266)
Collapse: 850-851
***Faces 510 X 516
(846 849 851)
(850 825 824)
Collapse: 528-529
***Faces 1410 X 1438
(514 529 527)
(528 543 542)
Collapse: 536-537
***Faces 1424 X 1710
(521 537 535)
(954 959 958)
Collapse: 536-537
***Faces 1424 X 1713
(521 537 535)
(955 959 954)
Collapse: 536-537
***Faces 1424 X 1718
(521 537 535)
(959 964 963)
Collapse: 536-537
***Faces 1424 X 1719
(521 537 535)
(959 963 958)
Collapse: 536-537
***Faces 1671 X 1718
(67 535 537)
(959 964 963)
Collapse: 536-537
***Faces 1671 X 1726
(67 535 537)
(964 969 968)
Collapse: 536-537
***Faces 1671 X 1727
(67 535 537)
(964 968 963)
Collapse: 536-537
***Faces 1671 X 4657
(67 535 537)
(2395 968 969)
Collapse: 1416-1424
***Faces 2617 X 2644
(1417 1415 1424)
(1416 1442 1449)
Collapse: 1416-1424
***Faces 2645 X 2690
(1429 1417 1424)
(1427 1416 1426)
Collapse: 2075-2042
***Faces 3377 X 3379
(2042 2054 2053)
(2075 2044 2048)
Collapse: 656-664
***Faces 680 X 697
(663 664 648)
(649 656 657)
Collapse: 2140-2148
***Faces 3189 X 3205
(2148 2139 2114)
(2140 2115 2142)
Collapse: 287-288
***Faces 70 X 54
(286 21 288)
(277 287 278)
Collapse: 2461-2465
***Faces 4840 X 4844
(2449 2466 2465)
(2461 2464 2460)
Collapse: 2066-2067
***Faces 3341 X 3349
(2065 2062 2067)
(2070 2066 2071)
Collapse: 2298-2299
***Faces 4707 X 3060
(2289 2299 2292)
(55 1976 1980)
Collapse: 2298-2299
***Faces 4707 X 3062
(2289 2299 2292)
(56 1974 1976)
Collapse: 2298-2299
***Faces 4707 X 3063
(2289 2299 2292)
(56 1976 55)
Collapse: 2298-2299
***Faces 4707 X 3065
(2289 2299 2292)
(57 1974 56)
Collapse: 2298-2299
***Faces 4707 X 4481
(2289 2299 2292)
(2290 2298 2291)
Collapse: 2273-2286
***Faces 4399 X 4430
(2282 2286 2272)
(2273 2222 2221)
Collapse: 2014-2022
***Faces 3478 X 3450
(1606 1998 2022)
(1616 1614 2006)
Collapse: 2014-2022
***Faces 3478 X 3451
(1606 1998 2022)
(1616 2006 2014)
Collapse: 2014-2022
***Faces 3487 X 3451
(1998 2015 2022)
(1616 2006 2014)
Collapse: 2014-2022
***Faces 3487 X 3452
(1998 2015 2022)
(2014 2006 2007)
Collapse: 2271-2280
***Faces 4377 X 4393
(2280 2272 2243)
(2271 2242 2274)
Collapse: 1444-1445
***Faces 2613 X 2605
(1432 1445 1434)
(1433 1443 1444)
Collapse: 1274-1284
***Faces 2457 X 2315
(1284 1350 1270)
(1273 1271 1274)
Collapse: 1274-1284
***Faces 2457 X 2339
(1284 1350 1270)
(1285 1273 1274)
Collapse: 2641-2660
***Faces 5163 X 5713
(2660 2632 2575)
(2561 2641 2560)
Collapse: 57-618
***Faces 267 X 4711
(618 616 58)
(2411 2293 2294)
Collapse: 57-618
***Faces 267 X 4712
(618 616 58)
(2353 2411 2294)
Collapse: 57-618
***Faces 3064 X 4709
(618 1972 1974)
(2411 2289 2292)
Collapse: 57-618
***Faces 3064 X 4710
(618 1972 1974)
(2411 2292 2293)
Collapse: 57-618
***Faces 3064 X 4712
(618 1972 1974)
(2353 2411 2294)
Collapse: 57-618
***Faces 3065 X 4707
(618 1974 56)
(2289 2299 2292)
Collapse: 57-618
***Faces 3065 X 4709
(618 1974 56)
(2411 2289 2292)
Collapse: 57-618
***Faces 3065 X 4712
(618 1974 56)
(2353 2411 2294)
Collapse: 57-618
***Faces 3067 X 4710
(58 1972 618)
(2411 2292 2293)
Collapse: 57-618
***Faces 3067 X 4711
(58 1972 618)
(2411 2293 2294)
Collapse: 57-618
***Faces 3067 X 4712
(58 1972 618)
(2353 2411 2294)
Collapse: 2024-2047
***Faces 3439 X 3441
(2041 2016 2047)
(2024 2017 2025)
Collapse: 1536-2211
***Faces 3680 X 3682
(1523 13 2211)
(1524 1536 1567)
Collapse: 2120-2137
***Faces 3146 X 3172
(2121 2093 2137)
(2120 2136 2135)
Collapse: 489-490
***Faces 1362 X 1447
(473 490 488)
(489 504 503)
Collapse: 2782-2783
***Faces 5442 X 5496
(2764 2783 2774)
(2797 2796 2782)
Collapse: 2668-2669
***Faces 5230 X 5241
(2669 2663 2665)
(2656 2666 2668)
Collapse: 2311-2318
***Faces 4503 X 4517
(2310 2318 2305)
(2311 2319 2312)
Collapse: 152-164
***Faces 723 X 806
(140 164 139)
(165 152 153)
Collapse: 262-280
***Faces 14 X 676
(260 261 280)
(681 668 262)
Collapse: 2048-2050
***Faces 3376 X 3394
(2042 2050 2054)
(2043 2044 2048)
Collapse: 2048-2050
***Faces 3376 X 3395
(2042 2050 2054)
(2043 2049 2048)
Collapse: 2048-2050
***Faces 3379 X 3395
(2042 2044 2050)
(2043 2049 2048)
Collapse: 1605-2002
***Faces 3843 X 3893
(1591 1604 2002)
(2004 2003 1605)
Collapse: 394-575
***Faces 153 X 156
(573 375 575)
(571 570 394)
Collapse: 394-575
***Faces 153 X 2783
(573 375 575)
(581 394 583)
Collapse: 394-575
***Faces 154 X 156
(573 575 572)
(571 570 394)
Collapse: 2021-2029
***Faces 3465 X 3891
(2020 2013 2029)
(2021 1672 1673)
Collapse: 2314-2321
***Faces 4520 X 4529
(2313 2320 2321)
(2319 2325 2326)
Collapse: 2698-2699
***Faces 5292 X 5294
(2692 2696 2699)
(2694 2697 2698)
Collapse: 2698-2699
***Faces 5292 X 5449
(2692 2696 2699)
(2698 2785 2787)
Collapse: 2698-2699
***Faces 5292 X 5450
(2692 2696 2699)
(2697 2787 2698)
Collapse: 2698-2699
***Faces 5292 X 5451
(2692 2696 2699)
(2698 2786 2787)
Collapse: 2204-2205
***Faces 3310 X 3314
(2201 2205 2203)
(2204 2179 2180)
Collapse: 1373-1397
***Faces 2525 X 2561
(1368 1397 1369)
(1373 1372 1379)
Collapse: 1263-1265
***Faces 2325 X 2327
(1265 1260 1276)
(1266 1263 1277)
Collapse: 690-691
***Faces 573 X 575
(691 683 689)
(690 685 684)
Collapse: 690-691
***Faces 573 X 594
(691 683 689)
(694 696 690)
Collapse: 2038-2039
***Faces 3322 X 3373
(2033 2039 2037)
(2043 2038 2044)
Collapse: 2038-2039
***Faces 3322 X 3375
(2033 2039 2037)
(2038 2045 2044)
Collapse: 1606-1616
***Faces 3716 X 3478
(1579 1616 1607)
(1606 1998 2022)
Collapse: 2712-2709
***Faces 5460 X 5313
(2709 2791 2715)
(2712 2713 2710)
Collapse: 2320-2326
***Faces 4519 X 4521
(2313 2319 2326)
(2314 2320 2321)
Collapse: 2320-2326
***Faces 4519 X 4532
(2313 2319 2326)
(2320 2327 2321)
Collapse: 1341-1342
***Faces 2440 X 2493
(1333 1342 1321)
(1348 1356 1341)
Collapse: 1341-1342
***Faces 2493 X 2489
(1348 1356 1342)
(1293 1355 1289)
Writing output to ../models/cow20_QEM.off
Output: 2323 vertices - 4606 faces.
[0;31mBounding box(min): -4.44584 -3.63704 -1.70141
[0;31mBounding box(max): 5.99809 2.75972 1.70141
Length: 10.4439 6.39676 3.40282
[0m