926 vertices read.
1848 faces read.
Initializing Data Structures...
Time to init data structures: 0
Computing initial quadrics...
Time to initialize quadrics: 0
Computing edges...
Init edges.
Time to init edges: 1
No. of edges: 2772
Initializing Uniform Grid...
Target vertex count: 232
No. of cells: 1
Time to initialize uniform grid: 0
[0;32mGrid: 1[0m
*********Collapsing 2630: 904 -> 905 = 2.10866e-05
Faces removed:
 1724 <905 848 904>
1725 <903 905 904>

*********Collapsing 1994: 762 -> 763 = 2.10866e-05
Faces removed:
 1234 <744 763 762>
1235 <763 732 762>

*********Collapsing 2088: 782 -> 784 = 2.10866e-05
Faces removed:
 1308 <784 783 782>
1309 <744 784 782>

*********Collapsing 2153: 804 -> 807 = 2.10866e-05
Faces removed:
 1349 <807 805 804>
1350 <744 807 804>

*********Collapsing 1945: 748 -> 749 = 2.10866e-05
Faces removed:
 1201 <744 749 748>
1202 <749 727 748>

*********Collapsing 2570: 888 -> 889 = 2.10866e-05
Faces removed:
 1681 <888 848 889>
1695 <896 888 889>

*********Collapsing 2474: 864 -> 865 = 2.10866e-05
Faces removed:
 1610 <864 848 865>
1627 <837 864 865>

*********Collapsing 2426: 853 -> 854 = 2.10866e-05
Faces removed:
 1575 <853 848 854>
1592 <832 853 854>

*********Collapsing 2007: 765 -> 766 = 2.10937e-05
Faces removed:
 1244 <766 733 765>
1245 <744 766 765>

*********Collapsing 1958: 751 -> 752 = 2.10937e-05
Faces removed:
 1211 <752 741 751>
1212 <744 752 751>

*********Collapsing 2102: 788 -> 789 = 2.10937e-05
Faces removed:
 1316 <744 789 788>
1317 <789 787 788>

*********Collapsing 1934: 745 -> 746 = 2.10937e-05
Faces removed:
 1193 <746 728 745>
1194 <744 746 745>

*********Collapsing 1980: 757 -> 759 = 2.10937e-05
Faces removed:
 1226 <759 758 757>
1227 <744 759 757>

*********Collapsing 2122: 793 -> 795 = 2.10937e-05
Faces removed:
 1330 <793 794 795>
1355 <744 793 795>

*********Collapsing 2616: 898 -> 900 = 2.10937e-05
Faces removed:
 1716 <899 900 898>
1717 <900 848 898>

*********Collapsing 2647: 909 -> 911 = 2.10937e-05
Faces removed:
 1734 <910 911 909>
1735 <911 848 909>

*********Collapsing 2139: 800 -> 801 = 2.10937e-05
Faces removed:
 1340 <744 801 800>
1341 <801 802 800>

*********Collapsing 2075: 779 -> 780 = 2.10937e-05
Faces removed:
 1298 <744 780 779>
1299 <780 774 779>

*********Collapsing 2564: 885 -> 886 = 2.10937e-05
Faces removed:
 1678 <885 848 886>
1690 <894 885 886>

*********Collapsing 2420: 850 -> 851 = 2.10937e-05
Faces removed:
 1572 <850 848 851>
1586 <846 850 851>

*********Collapsing 2480: 867 -> 868 = 2.10937e-05
Faces removed:
 1613 <867 848 868>
1621 <871 867 868>

*********Collapsing 2468: 861 -> 862 = 2.10937e-05
Faces removed:
 1607 <861 848 862>
1632 <838 861 862>

*********Collapsing 2576: 891 -> 892 = 2.10937e-05
Faces removed:
 1684 <891 848 892>
1701 <879 891 892>

*********Collapsing 2432: 856 -> 857 = 2.10937e-05
Faces removed:
 1578 <856 848 857>
1597 <834 856 857>

*********Collapsing 1925: 742 -> 743 = 3.05698e-05
Faces removed:
 1187 <742 19 743>
1188 <744 742 743>

*********Collapsing 1971: 755 -> 756 = 3.05698e-05
Faces removed:
 1220 <755 9 756>
1221 <744 755 756>

*********Collapsing 2579: 847 -> 893 = 3.05698e-05
Faces removed:
 1686 <893 848 847>
1706 <630 893 847>

*********Collapsing 2131: 791 -> 799 = 3.05698e-05
Faces removed:
 1334 <744 799 791>
1335 <799 2 791>

*********Collapsing 2436: 858 -> 859 = 3.05698e-05
Faces removed:
 1580 <858 848 859>
1602 <620 858 859>

*********Collapsing 2484: 869 -> 870 = 3.05698e-05
Faces removed:
 1615 <869 848 870>
1617 <610 869 870>

*********Collapsing 2608: 883 -> 897 = 3.05698e-05
Faces removed:
 1710 <601 897 883>
1711 <897 848 883>

*********Collapsing 2067: 754 -> 778 = 3.05698e-05
Faces removed:
 1292 <744 778 754>
1293 <778 29 754>

*********Collapsing 2572: 889 -> 890 = 0.00024518
Faces removed:
 1697 <882 889 890>
1682 <889 848 890>

*********Collapsing 2637: 905 -> 908 = 0.00024518
Faces removed:
 1729 <908 848 905>
1728 <906 908 905>

*********Collapsing 1999: 763 -> 764 = 0.00024518
Faces removed:
 1239 <744 764 763>
1238 <764 732 763>

*********Collapsing 2157: 796 -> 807 = 0.00024518
Faces removed:
 1351 <744 796 807>
1352 <796 798 807>

*********Collapsing 2083: 781 -> 784 = 0.00024518
Faces removed:
 1304 <744 784 781>
1305 <784 776 781>

*********Collapsing 1949: 749 -> 750 = 0.00024518
Faces removed:
 1205 <744 750 749>
1204 <750 726 749>

*********Collapsing 2472: 863 -> 865 = 0.00024518
Faces removed:
 1609 <863 848 865>
1628 <837 863 865>

*********Collapsing 2428: 854 -> 855 = 0.00024518
Faces removed:
 1593 <832 854 855>
1576 <854 848 855>

*********Collapsing 2107: 789 -> 790 = 0.000245189
Faces removed:
 1320 <744 790 789>
1319 <790 36 789>

*********Collapsing 2010: 766 -> 767 = 0.000245189
Faces removed:
 1247 <767 15 766>
1246 <744 767 766>

*********Collapsing 1961: 752 -> 753 = 0.000245189
Faces removed:
 1214 <753 25 752>
1213 <744 753 752>

*********Collapsing 2119: 792 -> 795 = 0.000245189
Faces removed:
 1328 <792 5 795>
1356 <744 792 795>

*********Collapsing 2650: 911 -> 912 = 0.000245189
Faces removed:
 1737 <607 912 911>
1736 <912 848 911>

*********Collapsing 2418: 849 -> 851 = 0.000245189
Faces removed:
 1571 <849 848 851>
1584 <627 849 851>

*********Collapsing 2562: 884 -> 886 = 0.000245189
Faces removed:
 1677 <884 848 886>
1688 <638 884 886>

*********Collapsing 2464: 860 -> 862 = 0.000245189
Faces removed:
 1605 <617 860 862>
1606 <860 848 862>

*********Collapsing 2143: 801 -> 803 = 0.00024523
Faces removed:
 1344 <744 803 801>
1343 <803 802 801>

*********Collapsing 1984: 759 -> 760 = 0.00024523
Faces removed:
 1229 <760 758 759>
1228 <744 760 759>

*********Collapsing 1937: 746 -> 747 = 0.00024523
Faces removed:
 1196 <747 728 746>
1195 <744 747 746>

*********Collapsing 2478: 866 -> 868 = 0.00024523
Faces removed:
 1612 <866 848 868>
1622 <871 866 868>

*********Collapsing 2620: 900 -> 901 = 0.00024523
Faces removed:
 1719 <899 901 900>
1718 <901 848 900>

*********Collapsing 2339: 831 -> 832 = 0.000349226
Faces removed:
 1510 <830 831 832>
1591 <831 855 832>

*********Collapsing 2632: 903 -> 906 = 0.000349226
Faces removed:
 1802 <920 906 903>
1726 <906 908 903>

*********Collapsing 1848: 726 -> 727 = 0.000349226
Faces removed:
 1126 <726 725 727>
1203 <750 726 727>

*********Collapsing 2086: 776 -> 783 = 0.000349226
Faces removed:
 1391 <783 812 776>
1307 <784 783 776>

*********Collapsing 2594: 882 -> 896 = 0.000349226
Faces removed:
 1696 <896 890 882>
1769 <917 896 882>

*********Collapsing 2381: 837 -> 840 = 0.000349226
Faces removed:
 1544 <836 837 840>
1626 <837 865 840>

*********Collapsing 2159: 798 -> 805 = 0.000349226
Faces removed:
 1417 <798 815 805>
1353 <807 798 805>

*********Collapsing 1888: 732 -> 735 = 0.000349226
Faces removed:
 1158 <732 731 735>
1236 <764 732 735>

*********Collapsing 27: 15 -> 18 = 0.000375406
Faces removed:
 12 <18 16 15>
1248 <767 18 15>

*********Collapsing 44: 25 -> 28 = 0.000375406
Faces removed:
 20 <28 26 25>
1215 <753 28 25>

*********Collapsing 10: 5 -> 8 = 0.000375406
Faces removed:
 4 <8 6 5>
1327 <795 8 5>

*********Collapsing 3: 0 -> 3 = 0.000375406
Faces removed:
 1 <3 1 0>
1337 <799 3 0>

*********Collapsing 60: 36 -> 37 = 0.000375406
Faces removed:
 28 <36 37 38>
1324 <790 37 36>

*********Collapsing 1261: 633 -> 634 = 0.000375406
Faces removed:
 634 <632 634 633>
1704 <634 893 633>

*********Collapsing 1244: 623 -> 624 = 0.000375406
Faces removed:
 626 <622 624 623>
1600 <624 859 623>

*********Collapsing 1234: 617 -> 619 = 0.000375406
Faces removed:
 621 <616 619 617>
1604 <619 862 617>

*********Collapsing 1227: 613 -> 614 = 0.000375406
Faces removed:
 618 <612 614 613>
1618 <614 870 613>

*********Collapsing 1217: 607 -> 609 = 0.000375406
Faces removed:
 613 <607 606 609>
1738 <609 912 607>

*********Collapsing 1251: 627 -> 629 = 0.000375406
Faces removed:
 629 <627 626 629>
1583 <629 851 627>

*********Collapsing 1271: 637 -> 638 = 0.000375406
Faces removed:
 639 <636 637 638>
1687 <637 886 638>

*********Collapsing 1210: 603 -> 604 = 0.000375406
Faces removed:
 610 <600 604 603>
1714 <604 897 603>

*********Collapsing 21: 12 -> 13 = 0.000375406
Faces removed:
 9 <13 11 12>
1224 <756 13 12>

*********Collapsing 55: 32 -> 33 = 0.000375406
Faces removed:
 25 <33 31 32>
1295 <778 33 32>

*********Collapsing 38: 22 -> 23 = 0.000375406
Faces removed:
 17 <23 21 22>
1191 <743 23 22>

*********Collapsing 1986: 758 -> 761 = 0.00041254
Faces removed:
 1256 <761 48 758>
1230 <760 761 758>

*********Collapsing 2352: 833 -> 834 = 0.00041254
Faces removed:
 1521 <589 833 834>
1595 <833 855 834>

*********Collapsing 2552: 879 -> 880 = 0.00041254
Faces removed:
 1672 <595 880 879>
1699 <880 890 879>

*********Collapsing 2406: 845 -> 846 = 0.00041254
Faces removed:
 1561 <592 846 845>
1588 <846 852 845>

*********Collapsing 2643: 907 -> 910 = 0.00041254
Faces removed:
 1732 <910 908 907>
1744 <580 910 907>

*********Collapsing 2588: 894 -> 895 = 0.00041254
Faces removed:
 1779 <597 894 895>
1692 <894 887 895>

*********Collapsing 2495: 871 -> 872 = 0.00041254
Faces removed:
 1639 <583 872 871>
1623 <872 868 871>

*********Collapsing 2622: 899 -> 902 = 0.00041254
Faces removed:
 1790 <577 902 899>
1720 <902 901 899>

*********Collapsing 2097: 786 -> 787 = 0.00041254
Faces removed:
 1313 <785 787 786>
1401 <787 61 786>

*********Collapsing 1860: 728 -> 729 = 0.00041254
Faces removed:
 1137 <729 54 728>
1197 <747 729 728>

*********Collapsing 2126: 794 -> 797 = 0.00041254
Faces removed:
 1332 <807 794 797>
1361 <794 43 797>

*********Collapsing 2152: 802 -> 806 = 0.00041254
Faces removed:
 1410 <806 42 802>
1348 <803 806 802>

*********Collapsing 2363: 835 -> 838 = 0.00041254
Faces removed:
 1527 <585 838 835>
1630 <838 865 835>

*********Collapsing 2060: 774 -> 775 = 0.00041254
Faces removed:
 1288 <775 60 774>
1301 <784 775 774>

*********Collapsing 1920: 740 -> 741 = 0.00041254
Faces removed:
 1183 <741 55 740>
1208 <750 741 740>

*********Collapsing 1871: 730 -> 733 = 0.00041254
Faces removed:
 1143 <733 49 730>
1242 <764 733 730>

*********Collapsing 2434: 857 -> 859 = 0.000787268
Faces removed:
 1599 <624 857 859>
1579 <857 848 859>

*********Collapsing 2578: 892 -> 893 = 0.000787268
Faces removed:
 1703 <634 892 893>
1685 <892 848 893>

*********Collapsing 2072: 778 -> 780 = 0.000787268
Faces removed:
 1297 <744 780 778>
1296 <780 33 778>

*********Collapsing 1865: 51 -> 731 = 0.00147484
Faces removed:
 1141 <733 51 731>
1159 <51 79 731>

*********Collapsing 2341: 590 -> 830 = 0.00147484
Faces removed:
 1511 <566 830 590>
1523 <830 834 590>

*********Collapsing 2202: 63 -> 812 = 0.00147484
Faces removed:
 1390 <63 99 812>
1396 <787 63 812>

*********Collapsing 2357: 586 -> 836 = 0.00147484
Faces removed:
 1525 <586 838 836>
1536 <562 586 836>

*********Collapsing 2686: 598 -> 917 = 0.00147484
Faces removed:
 1768 <574 598 917>
1781 <598 895 917>

*********Collapsing 2711: 578 -> 920 = 0.00147484
Faces removed:
 1788 <920 902 578>
1803 <554 920 578>

*********Collapsing 1845: 52 -> 725 = 0.00147484
Faces removed:
 1125 <725 88 52>
1139 <729 725 52>

*********Collapsing 2219: 40 -> 815 = 0.00147484
Faces removed:
 1404 <806 815 40>
1414 <815 68 40>

*********Collapsing 2166: 45 -> 808 = 0.00166682
Faces removed:
 1359 <797 45 808>
1421 <45 72 808>

*********Collapsing 2660: 581 -> 913 = 0.00166682
Faces removed:
 1746 <581 910 913>
1798 <556 581 913>

*********Collapsing 2554: 596 -> 881 = 0.00166682
Faces removed:
 1674 <881 880 596>
1772 <572 881 596>

*********Collapsing 2380: 584 -> 839 = 0.00166682
Faces removed:
 1543 <560 839 584>
1637 <839 872 584>

*********Collapsing 2343: 593 -> 829 = 0.00166682
Faces removed:
 1513 <568 593 829>
1563 <593 846 829>

*********Collapsing 1879: 46 -> 734 = 0.00166682
Faces removed:
 1151 <734 78 46>
1258 <761 734 46>

*********Collapsing 1851: 57 -> 724 = 0.00166682
Faces removed:
 1129 <57 89 724>
1177 <741 57 724>

*********Collapsing 2065: 58 -> 777 = 0.00166682
Faces removed:
 1290 <775 777 58>
1386 <777 97 58>

*********Collapsing 2098: 785 -> 790 = 0.00174335
Faces removed:
 1315 <744 790 785>
1314 <790 787 785>

*********Collapsing 2566: 886 -> 887 = 0.00174335
Faces removed:
 1691 <895 886 887>
1679 <886 848 887>

*********Collapsing 2422: 851 -> 852 = 0.00174335
Faces removed:
 1587 <846 851 852>
1573 <851 848 852>

*********Collapsing 1254: 626 -> 631 = 0.00188501
Faces removed:
 631 <631 630 626>
1559 <843 631 626>

*********Collapsing 58: 1 -> 35 = 0.00188501
Faces removed:
 1447 <1 817 35>
27 <35 2 1>

*********Collapsing 1220: 606 -> 611 = 0.00188501
Faces removed:
 1759 <915 611 606>
615 <611 610 606>

*********Collapsing 1265: 602 -> 636 = 0.00188501
Faces removed:
 636 <602 601 636>
1818 <602 636 919>

*********Collapsing 1237: 616 -> 621 = 0.00188501
Faces removed:
 623 <621 620 616>
1491 <827 621 616>

*********Collapsing 31: 16 -> 20 = 0.00188501
Faces removed:
 14 <16 19 20>
1110 <20 722 16>

*********Collapsing 14: 6 -> 10 = 0.00188501
Faces removed:
 1375 <10 810 6>
6 <6 9 10>

*********Collapsing 48: 26 -> 30 = 0.00188501
Faces removed:
 22 <26 29 30>
1174 <30 738 26>

*********Collapsing 56: 31 -> 34 = 0.0018851
Faces removed:
 1285 <34 773 31>
26 <33 34 31>

*********Collapsing 1211: 600 -> 605 = 0.0018851
Faces removed:
 611 <605 604 600>
1794 <922 605 600>

*********Collapsing 1245: 622 -> 625 = 0.0018851
Faces removed:
 1517 <823 625 622>
627 <625 624 622>

*********Collapsing 1262: 632 -> 635 = 0.0018851
Faces removed:
 1666 <877 635 632>
635 <635 634 632>

*********Collapsing 1228: 612 -> 615 = 0.0018851
Faces removed:
 619 <615 614 612>
1644 <874 615 612>

*********Collapsing 39: 21 -> 24 = 0.0018851
Faces removed:
 1131 <24 718 21>
18 <23 24 21>

*********Collapsing 67: 38 -> 39 = 0.0018851
Faces removed:
 31 <39 37 38>
1393 <38 813 39>

*********Collapsing 22: 11 -> 14 = 0.0018851
Faces removed:
 10 <13 14 11>
1252 <14 768 11>

*********Collapsing 1874: 17 -> 49 = 0.00229533
Faces removed:
 1146 <17 83 49>
1147 <18 17 49>

*********Collapsing 2409: 592 -> 628 = 0.00229533
Faces removed:
 1564 <591 628 592>
1565 <628 629 592>

*********Collapsing 1916: 27 -> 55 = 0.00229533
Faces removed:
 1180 <27 93 55>
1181 <28 27 55>

*********Collapsing 2656: 580 -> 608 = 0.00229533
Faces removed:
 1742 <608 609 580>
1748 <579 608 580>

*********Collapsing 2697: 597 -> 639 = 0.00229533
Faces removed:
 1777 <639 638 597>
1783 <599 639 597>

*********Collapsing 2225: 4 -> 42 = 0.00229533
Faces removed:
 1407 <3 42 4>
1408 <4 42 64>

*********Collapsing 2364: 585 -> 618 = 0.00229533
Faces removed:
 1529 <587 618 585>
1530 <618 619 585>

*********Collapsing 2170: 7 -> 43 = 0.00229533
Faces removed:
 1363 <8 7 43>
1364 <7 73 43>

*********Collapsing 2014: 743 -> 767 = 0.0028475
Faces removed:
 1251 <744 743 767>
1250 <743 19 767>

*********Collapsing 2115: 756 -> 795 = 0.0028475
Faces removed:
 1357 <744 756 795>
1325 <756 9 795>

*********Collapsing 2653: 870 -> 912 = 0.0028475
Faces removed:
 1740 <610 870 912>
1739 <870 848 912>

*********Collapsing 2136: 799 -> 803 = 0.00364345
Faces removed:
 1339 <744 803 799>
1338 <803 3 799>

*********Collapsing 2611: 897 -> 901 = 0.00364345
Faces removed:
 1713 <604 901 897>
1712 <901 848 897>

*********Collapsing 2759: 922 -> 923 = 0.00425532
Faces removed:
 1830 <670 922 923>
1831 <922 636 923>

*********Collapsing 2677: 875 -> 915 = 0.00425532
Faces removed:
 1757 <709 875 915>
1758 <875 611 915>

*********Collapsing 2301: 823 -> 824 = 0.00425532
Faces removed:
 1480 <823 621 824>
1481 <658 823 824>

*********Collapsing 1809: 718 -> 719 = 0.00425532
Faces removed:
 1096 <20 718 719>
1097 <718 653 719>

*********Collapsing 2049: 737 -> 773 = 0.00425532
Faces removed:
 1279 <773 691 737>
1280 <30 773 737>

*********Collapsing 2398: 843 -> 844 = 0.00425532
Faces removed:
 1557 <696 844 843>
1558 <844 631 843>

*********Collapsing 2178: 770 -> 810 = 0.00425532
Faces removed:
 1368 <770 702 810>
1374 <10 770 810>

*********Collapsing 2267: 817 -> 818 = 0.00425532
Faces removed:
 1445 <817 661 818>
1448 <35 817 818>

*********Collapsing 1241: 620 -> 624 = 0.00448508
Faces removed:
 625 <625 624 620>
1601 <624 859 620>

*********Collapsing 1258: 630 -> 634 = 0.00448508
Faces removed:
 1705 <634 893 630>
633 <635 634 630>

*********Collapsing 1219: 609 -> 610 = 0.00448508
Faces removed:
 1741 <610 912 609>
614 <611 610 609>

*********Collapsing 30: 18 -> 19 = 0.00448508
Faces removed:
 1249 <767 19 18>
13 <19 20 18>

*********Collapsing 47: 28 -> 29 = 0.00448508
Faces removed:
 1216 <753 29 28>
21 <29 30 28>

*********Collapsing 18: 9 -> 13 = 0.00448508
Faces removed:
 8 <13 14 9>
1219 <795 13 9>

*********Collapsing 1208: 601 -> 604 = 0.00448508
Faces removed:
 609 <605 604 601>
1709 <604 901 601>

*********Collapsing 63: 2 -> 37 = 0.00448508
Faces removed:
 29 <37 2 39>
1323 <2 37 790>

*********Collapsing 2229: 64 -> 816 = 0.00464595
Faces removed:
 1446 <816 64 65>
1412 <42 64 816>

*********Collapsing 2025: 74 -> 769 = 0.00464595
Faces removed:
 1260 <14 74 769>
1267 <769 74 75>

*********Collapsing 2664: 579 -> 914 = 0.00464595
Faces removed:
 1752 <557 914 579>
1749 <914 608 579>

*********Collapsing 2703: 599 -> 918 = 0.00464595
Faces removed:
 1824 <575 918 599>
1784 <918 639 599>

*********Collapsing 2311: 587 -> 826 = 0.00464595
Faces removed:
 1487 <563 826 587>
1532 <826 618 587>

*********Collapsing 2391: 591 -> 842 = 0.00464595
Faces removed:
 1552 <569 842 591>
1569 <842 628 591>

*********Collapsing 2309: 588 -> 825 = 0.00464595
Faces removed:
 1485 <565 588 825>
1515 <588 625 825>

*********Collapsing 2543: 594 -> 878 = 0.00464595
Faces removed:
 1665 <571 594 878>
1668 <594 635 878>

*********Collapsing 1909: 93 -> 739 = 0.00464595
Faces removed:
 1175 <739 92 93>
1179 <55 739 93>

*********Collapsing 1819: 83 -> 721 = 0.00464595
Faces removed:
 1103 <721 82 83>
1145 <49 721 83>

*********Collapsing 2041: 94 -> 772 = 0.00464595
Faces removed:
 1274 <772 94 95>
1283 <34 94 772>

*********Collapsing 2215: 103 -> 814 = 0.00464595
Faces removed:
 1402 <39 814 103>
1439 <814 102 103>

*********Collapsing 2173: 73 -> 809 = 0.00464595
Faces removed:
 1373 <809 71 73>
1365 <43 809 73>

*********Collapsing 2721: 576 -> 921 = 0.00464595
Faces removed:
 1795 <576 605 921>
1825 <553 576 921>

*********Collapsing 2514: 582 -> 873 = 0.00464595
Faces removed:
 1642 <582 615 873>
1653 <559 582 873>

*********Collapsing 1816: 84 -> 720 = 0.00464595
Faces removed:
 1101 <720 84 85>
1133 <24 84 720>

*********Collapsing 2724: 554 -> 556 = 0.00495019
Faces removed:
 1799 <556 913 554>
1806 <528 556 554>

*********Collapsing 2237: 68 -> 72 = 0.00495019
Faces removed:
 1420 <808 72 68>
1419 <72 67 68>

*********Collapsing 1882: 78 -> 79 = 0.00495019
Faces removed:
 1155 <734 79 78>
1154 <79 80 78>

*********Collapsing 2378: 560 -> 562 = 0.00495019
Faces removed:
 1541 <537 562 560>
1542 <562 839 560>

*********Collapsing 2692: 572 -> 574 = 0.00495019
Faces removed:
 1773 <574 881 572>
1774 <549 574 572>

*********Collapsing 1840: 88 -> 89 = 0.00495019
Faces removed:
 1122 <89 87 88>
1123 <724 89 88>

*********Collapsing 2192: 97 -> 99 = 0.00495019
Faces removed:
 1383 <99 100 97>
1385 <777 99 97>

*********Collapsing 2331: 566 -> 568 = 0.00495019
Faces removed:
 1506 <540 568 566>
1507 <568 829 566>

*********Collapsing 1952: 750 -> 753 = 0.00751127
Faces removed:
 1206 <744 753 750>
1207 <753 741 750>

*********Collapsing 2470: 862 -> 865 = 0.00751127
Faces removed:
 1631 <838 862 865>
1608 <862 848 865>

*********Collapsing 1991: 760 -> 764 = 0.00751154
Faces removed:
 1232 <764 735 760>
1233 <744 764 760>

*********Collapsing 117: 75 -> 76 = 0.00920955
Faces removed:
 52 <75 47 76>
1162 <76 128 75>

*********Collapsing 1121: 535 -> 559 = 0.00920955
Faces removed:
 566 <535 558 559>
1546 <512 535 559>

*********Collapsing 1145: 547 -> 571 = 0.00920955
Faces removed:
 578 <547 570 571>
1766 <524 547 571>

*********Collapsing 137: 85 -> 86 = 0.00920955
Faces removed:
 62 <85 53 86>
1093 <86 134 85>

*********Collapsing 157: 95 -> 96 = 0.00920955
Faces removed:
 72 <95 59 96>
1382 <96 140 95>

*********Collapsing 148: 91 -> 92 = 0.00920955
Faces removed:
 67 <56 92 91>
1119 <92 137 91>

*********Collapsing 1154: 551 -> 575 = 0.00920955
Faces removed:
 583 <575 573 551>
1816 <527 575 551>

*********Collapsing 1142: 545 -> 569 = 0.00920955
Faces removed:
 577 <569 567 545>
1504 <521 569 545>

*********Collapsing 128: 81 -> 82 = 0.00920955
Faces removed:
 57 <50 82 81>
1111 <82 131 81>

*********Collapsing 1133: 541 -> 565 = 0.00920955
Faces removed:
 572 <541 564 565>
1478 <518 541 565>

*********Collapsing 1109: 529 -> 553 = 0.00920955
Faces removed:
 560 <529 552 553>
1833 <506 529 553>

*********Collapsing 106: 70 -> 71 = 0.00920955
Faces removed:
 46 <70 44 71>
1423 <71 125 70>

*********Collapsing 97: 65 -> 66 = 0.00920955
Faces removed:
 42 <65 41 66>
1449 <66 122 65>

*********Collapsing 1130: 539 -> 563 = 0.00920955
Faces removed:
 571 <563 561 539>
1495 <515 563 539>

*********Collapsing 1118: 533 -> 557 = 0.00920955
Faces removed:
 565 <557 555 533>
1807 <509 557 533>

*********Collapsing 168: 101 -> 102 = 0.00920955
Faces removed:
 77 <62 102 101>
1432 <102 141 101>

*********Collapsing 2039: 689 -> 771 = 0.012048
Faces removed:
 1272 <771 692 689>
1276 <772 771 689>

*********Collapsing 2029: 699 -> 736 = 0.012048
Faces removed:
 1263 <769 736 699>
1271 <736 697 699>

*********Collapsing 2388: 688 -> 828 = 0.012048
Faces removed:
 1549 <679 688 828>
1554 <688 842 828>

*********Collapsing 2289: 657 -> 822 = 0.012048
Faces removed:
 1469 <656 657 822>
1489 <657 826 822>

*********Collapsing 2286: 650 -> 821 = 0.012048
Faces removed:
 1467 <641 821 650>
1483 <821 825 650>

*********Collapsing 2263: 672 -> 820 = 0.012048
Faces removed:
 1442 <816 820 672>
1459 <820 674 672>

*********Collapsing 1896: 680 -> 723 = 0.012048
Faces removed:
 1165 <680 678 723>
1171 <739 680 723>

*********Collapsing 2182: 710 -> 811 = 0.012048
Faces removed:
 1371 <809 710 811>
1376 <710 712 811>

*********Collapsing 2755: 677 -> 925 = 0.012048
Faces removed:
 1827 <925 921 677>
1843 <676 925 677>

*********Collapsing 2532: 695 -> 876 = 0.012048
Faces removed:
 1657 <694 876 695>
1663 <876 878 695>

*********Collapsing 1796: 651 -> 717 = 0.012048
Faces removed:
 1086 <651 654 717>
1105 <721 651 717>

*********Collapsing 2255: 663 -> 819 = 0.012048
Faces removed:
 1438 <814 663 819>
1457 <663 659 819>

*********Collapsing 2519: 708 -> 841 = 0.012048
Faces removed:
 1646 <841 873 708>
1654 <698 841 708>

*********Collapsing 2747: 671 -> 924 = 0.012048
Faces removed:
 1822 <671 918 924>
1841 <660 671 924>

*********Collapsing 2673: 715 -> 916 = 0.012048
Faces removed:
 1754 <715 914 916>
1762 <714 715 916>

*********Collapsing 1794: 642 -> 716 = 0.012048
Faces removed:
 1084 <716 640 642>
1099 <720 716 642>

*********Collapsing 2403: 832 -> 846 = 0.0122001
Faces removed:
 1560 <829 846 832>
1589 <846 852 832>

*********Collapsing 2094: 783 -> 787 = 0.0122001
Faces removed:
 1312 <790 787 783>
1395 <787 812 783>

*********Collapsing 1863: 727 -> 729 = 0.0122001
Faces removed:
 1140 <727 725 729>
1198 <747 727 729>

*********Collapsing 2129: 797 -> 805 = 0.0122001
Faces removed:
 1333 <807 797 805>
1358 <797 808 805>

*********Collapsing 1989: 735 -> 761 = 0.0122001
Faces removed:
 1259 <735 734 761>
1231 <764 735 761>

*********Collapsing 2634: 906 -> 910 = 0.0122001
Faces removed:
 1747 <913 910 906>
1727 <910 908 906>

*********Collapsing 2556: 880 -> 896 = 0.0122001
Faces removed:
 1698 <896 890 880>
1675 <881 896 880>

*********Collapsing 2497: 840 -> 872 = 0.0122001
Faces removed:
 1636 <839 840 872>
1624 <840 868 872>

*********Collapsing 2574: 890 -> 893 = 0.0127376
Faces removed:
 1683 <890 848 893>
1700 <896 890 893>

*********Collapsing 2430: 855 -> 859 = 0.0127376
Faces removed:
 1577 <855 848 859>
1596 <834 855 859>

*********Collapsing 2080: 780 -> 784 = 0.0127376
Faces removed:
 1303 <744 784 780>
1302 <784 775 780>

*********Collapsing 2367: 619 -> 838 = 0.0128374
Faces removed:
 1633 <619 865 838>
1531 <618 619 838>

*********Collapsing 2142: 3 -> 806 = 0.0128374
Faces removed:
 1411 <806 42 3>
1342 <803 806 3>

*********Collapsing 2583: 638 -> 895 = 0.0128374
Faces removed:
 1689 <638 887 895>
1778 <639 638 895>

*********Collapsing 2057: 33 -> 775 = 0.0128374
Faces removed:
 1300 <784 775 33>
1286 <775 60 33>

*********Collapsing 2730: 528 -> 531 = 0.0152348
Faces removed:
 1805 <531 556 528>
1837 <530 531 528>

*********Collapsing 2324: 534 -> 537 = 0.0152348
Faces removed:
 1500 <538 537 534>
1540 <537 562 534>

*********Collapsing 2194: 98 -> 100 = 0.0152348
Faces removed:
 1384 <99 100 98>
1430 <100 119 98>

*********Collapsing 2293: 540 -> 543 = 0.0152348
Faces removed:
 1473 <542 543 540>
1505 <543 568 540>

*********Collapsing 2239: 67 -> 69 = 0.0152348
Faces removed:
 1453 <69 105 67>
1422 <72 69 67>

*********Collapsing 2695: 546 -> 549 = 0.0152348
Faces removed:
 1775 <549 574 546>
1814 <550 549 546>

*********Collapsing 1832: 77 -> 80 = 0.0152348
Faces removed:
 1116 <80 111 77>
1153 <79 80 77>

*********Collapsing 1801: 87 -> 90 = 0.0152348
Faces removed:
 1089 <90 113 87>
1130 <89 90 87>

*********Collapsing 90: 61 -> 812 = 0.0159582
Faces removed:
 39 <61 62 812>
1397 <787 61 812>

*********Collapsing 81: 725 -> 54 = 0.0159582
Faces removed:
 1138 <729 725 54>
36 <725 53 54>

*********Collapsing 1161: 577 -> 920 = 0.0159582
Faces removed:
 586 <552 920 577>
1789 <920 902 577>

*********Collapsing 1185: 589 -> 830 = 0.0159582
Faces removed:
 598 <564 830 589>
1520 <830 834 589>

*********Collapsing 1734: 706 -> 707 = 0.0164133
Faces removed:
 1031 <465 706 707>
1033 <706 841 707>

*********Collapsing 1624: 686 -> 687 = 0.0164133
Faces removed:
 936 <491 687 686>
937 <687 828 686>

*********Collapsing 1521: 669 -> 675 = 0.0164133
Faces removed:
 848 <452 675 669>
851 <675 925 669>

*********Collapsing 1345: 648 -> 649 = 0.0164133
Faces removed:
 700 <478 648 649>
701 <648 821 649>

*********Collapsing 1600: 681 -> 682 = 0.0164133
Faces removed:
 916 <723 681 682>
920 <681 190 682>

*********Collapsing 1740: 701 -> 711 = 0.0164133
Faces removed:
 1034 <811 701 711>
1038 <701 158 711>

*********Collapsing 1349: 644 -> 652 = 0.0164133
Faces removed:
 702 <717 644 652>
707 <644 174 652>

*********Collapsing 1503: 662 -> 673 = 0.0164133
Faces removed:
 830 <820 673 662>
834 <673 203 662>

*********Collapsing 2547: 595 -> 635 = 0.017583
Faces removed:
 1669 <878 595 635>
1670 <595 634 635>

*********Collapsing 2052: 34 -> 60 = 0.017583
Faces removed:
 1287 <775 60 34>
1282 <34 60 772>

*********Collapsing 2018: 14 -> 48 = 0.017583
Faces removed:
 1253 <13 48 14>
1254 <14 48 769>

*********Collapsing 2512: 583 -> 615 = 0.017583
Faces removed:
 1645 <873 583 615>
1641 <583 614 615>

*********Collapsing 212: 107 -> 125 = 0.0193632
Faces removed:
 99 <125 124 107>
1424 <71 125 107>

*********Collapsing 1050: 517 -> 518 = 0.0193632
Faces removed:
 536 <516 517 518>
1477 <517 565 518>

*********Collapsing 1060: 523 -> 524 = 0.0193632
Faces removed:
 540 <522 523 524>
1765 <523 571 524>

*********Collapsing 207: 104 -> 122 = 0.0193632
Faces removed:
 97 <104 120 122>
1450 <66 104 122>

*********Collapsing 237: 116 -> 140 = 0.0193632
Faces removed:
 109 <116 138 140>
1381 <96 116 140>

*********Collapsing 239: 118 -> 141 = 0.0193632
Faces removed:
 110 <141 142 118>
1431 <102 141 118>

*********Collapsing 1057: 520 -> 521 = 0.0193632
Faces removed:
 539 <519 521 520>
1503 <521 569 520>

*********Collapsing 1047: 514 -> 515 = 0.0193632
Faces removed:
 535 <513 515 514>
1496 <515 563 514>

*********Collapsing 222: 110 -> 131 = 0.0193632
Faces removed:
 103 <131 129 110>
1112 <82 131 110>

*********Collapsing 232: 114 -> 137 = 0.0193632
Faces removed:
 107 <137 135 114>
1120 <92 137 114>

*********Collapsing 1030: 505 -> 506 = 0.0193632
Faces removed:
 528 <504 505 506>
1834 <505 553 506>

*********Collapsing 1040: 511 -> 512 = 0.0193632
Faces removed:
 532 <510 511 512>
1545 <511 559 512>

*********Collapsing 227: 112 -> 134 = 0.0193632
Faces removed:
 105 <112 132 134>
1094 <86 112 134>

*********Collapsing 1037: 508 -> 509 = 0.0193632
Faces removed:
 531 <507 509 508>
1808 <509 557 508>

*********Collapsing 1067: 526 -> 527 = 0.0193632
Faces removed:
 543 <525 527 526>
1815 <527 575 526>

*********Collapsing 217: 108 -> 128 = 0.0193632
Faces removed:
 101 <108 126 128>
1161 <76 108 128>

*********Collapsing 1557: 458 -> 459 = 0.020618
Faces removed:
 878 <455 459 458>
1838 <459 532 458>

*********Collapsing 1300: 484 -> 485 = 0.020618
Faces removed:
 662 <481 485 484>
1476 <485 544 484>

*********Collapsing 1447: 497 -> 498 = 0.020618
Faces removed:
 786 <499 498 497>
1813 <498 548 497>

*********Collapsing 1397: 166 -> 168 = 0.020618
Faces removed:
 743 <168 167 166>
1113 <109 168 166>

*********Collapsing 1440: 198 -> 200 = 0.020618
Faces removed:
 778 <200 199 198>
1429 <117 200 198>

*********Collapsing 1404: 471 -> 472 = 0.020618
Faces removed:
 750 <473 472 471>
1499 <472 536 471>

*********Collapsing 1548: 150 -> 152 = 0.020618
Faces removed:
 870 <152 148 150>
1454 <106 152 150>

*********Collapsing 1292: 182 -> 184 = 0.020618
Faces removed:
 654 <184 180 182>
1092 <115 184 182>

*********Collapsing 1635: 690 -> 692 = 0.0210216
Faces removed:
 942 <692 193 690>
1273 <771 692 690>

*********Collapsing 1326: 640 -> 643 = 0.0210216
Faces removed:
 683 <640 177 643>
1083 <716 640 643>

*********Collapsing 1715: 697 -> 700 = 0.0210216
Faces removed:
 1014 <697 161 700>
1270 <736 697 700>

*********Collapsing 1760: 713 -> 714 = 0.0210216
Faces removed:
 1053 <464 713 714>
1761 <713 916 714>

*********Collapsing 1494: 660 -> 668 = 0.0210216
Faces removed:
 825 <502 668 660>
1842 <668 924 660>

*********Collapsing 1370: 655 -> 656 = 0.0210216
Faces removed:
 721 <477 655 656>
1470 <655 822 656>

*********Collapsing 1650: 693 -> 694 = 0.0210216
Faces removed:
 958 <492 694 693>
1656 <694 876 693>

*********Collapsing 1476: 659 -> 664 = 0.0210216
Faces removed:
 808 <664 205 659>
1458 <819 664 659>

*********Collapsing 2272: 105 -> 106 = 0.0210227
Faces removed:
 1451 <69 106 105>
1452 <106 152 105>

*********Collapsing 2322: 536 -> 538 = 0.0210227
Faces removed:
 1497 <472 538 536>
1498 <538 537 536>

*********Collapsing 2295: 542 -> 544 = 0.0210227
Faces removed:
 1475 <485 544 542>
1474 <544 543 542>

*********Collapsing 1830: 109 -> 111 = 0.0210227
Faces removed:
 1115 <80 111 109>
1114 <111 168 109>

*********Collapsing 2764: 530 -> 532 = 0.0210227
Faces removed:
 1835 <459 532 530>
1836 <532 531 530>

*********Collapsing 1803: 113 -> 115 = 0.0210227
Faces removed:
 1091 <115 184 113>
1090 <90 115 113>

*********Collapsing 2736: 548 -> 550 = 0.0210227
Faces removed:
 1811 <550 549 548>
1812 <498 550 548>

*********Collapsing 2244: 117 -> 119 = 0.0210227
Faces removed:
 1427 <100 119 117>
1428 <119 200 117>

*********Collapsing 938: 463 -> 464 = 0.0262457
Faces removed:
 477 <409 464 463>
1054 <464 714 463>

*********Collapsing 967: 476 -> 477 = 0.0262457
Faces removed:
 493 <423 477 476>
722 <477 656 476>

*********Collapsing 262: 154 -> 157 = 0.0262457
Faces removed:
 119 <154 157 155>
1035 <712 157 154>

*********Collapsing 1004: 492 -> 493 = 0.0262457
Faces removed:
 514 <492 439 493>
959 <493 694 492>

*********Collapsing 917: 453 -> 454 = 0.0262457
Faces removed:
 466 <453 396 454>
850 <454 676 453>

*********Collapsing 327: 193 -> 194 = 0.0262457
Faces removed:
 148 <194 192 193>
943 <692 194 193>

*********Collapsing 245: 144 -> 146 = 0.0262457
Faces removed:
 112 <144 145 146>
831 <674 144 146>

*********Collapsing 1027: 502 -> 503 = 0.0262457
Faces removed:
 527 <449 502 503>
824 <502 668 503>

*********Collapsing 996: 489 -> 490 = 0.0262457
Faces removed:
 509 <437 490 489>
933 <490 679 489>

*********Collapsing 975: 479 -> 480 = 0.0262457
Faces removed:
 498 <479 425 480>
697 <480 641 479>

*********Collapsing 946: 466 -> 467 = 0.0262457
Faces removed:
 482 <466 411 467>
1028 <467 698 466>

*********Collapsing 316: 186 -> 189 = 0.0262457
Faces removed:
 143 <186 189 187>
917 <678 189 186>

*********Collapsing 289: 170 -> 173 = 0.0262457
Faces removed:
 131 <170 173 171>
704 <654 173 170>

*********Collapsing 273: 161 -> 162 = 0.0262457
Faces removed:
 124 <162 160 161>
1015 <700 162 161>

*********Collapsing 344: 204 -> 205 = 0.0262457
Faces removed:
 156 <204 205 206>
809 <664 205 204>

*********Collapsing 300: 177 -> 178 = 0.0262457
Faces removed:
 136 <178 176 177>
684 <643 178 177>

*********Collapsing 2125: 795 -> 807 = 0.0322325
Faces removed:
 1354 <744 795 807>
1331 <795 805 807>

*********Collapsing 2640: 908 -> 912 = 0.0322325
Faces removed:
 1731 <910 912 908>
1730 <912 848 908>

*********Collapsing 1928: 767 -> 747 = 0.0328938
Faces removed:
 1190 <747 23 767>
1189 <744 747 767>

*********Collapsing 906: 448 -> 449 = 0.0347156
Faces removed:
 461 <448 449 397>
524 <448 452 449>

*********Collapsing 854: 424 -> 425 = 0.0347156
Faces removed:
 435 <422 425 424>
496 <425 478 424>

*********Collapsing 825: 410 -> 411 = 0.0347156
Faces removed:
 421 <408 411 410>
480 <411 465 410>

*********Collapsing 883: 438 -> 439 = 0.0347156
Faces removed:
 449 <436 439 438>
512 <439 491 438>

*********Collapsing 268: 159 -> 160 = 0.0347156
Faces removed:
 121 <158 160 159>
168 <160 216 159>

*********Collapsing 340: 145 -> 202 = 0.0347156
Faces removed:
 154 <202 203 145>
160 <145 208 202>

*********Collapsing 322: 191 -> 192 = 0.0347156
Faces removed:
 145 <190 192 191>
184 <192 234 191>

*********Collapsing 293: 171 -> 175 = 0.0347156
Faces removed:
 133 <171 174 175>
174 <175 225 171>

*********Collapsing 251: 148 -> 149 = 0.0347166
Faces removed:
 114 <121 148 149>
873 <148 250 149>

*********Collapsing 285: 167 -> 169 = 0.0347166
Faces removed:
 129 <130 169 167>
747 <169 267 167>

*********Collapsing 339: 199 -> 201 = 0.0347166
Faces removed:
 153 <143 201 199>
783 <201 295 199>

*********Collapsing 923: 455 -> 457 = 0.0347166
Faces removed:
 470 <455 456 457>
874 <402 455 457>

*********Collapsing 959: 473 -> 475 = 0.0347166
Faces removed:
 489 <475 474 473>
748 <417 475 473>

*********Collapsing 305: 180 -> 181 = 0.0347166
Faces removed:
 138 <133 180 181>
657 <180 278 181>

*********Collapsing 981: 481 -> 483 = 0.0347166
Faces removed:
 502 <481 482 483>
659 <430 481 483>

*********Collapsing 1017: 499 -> 501 = 0.0347166
Faces removed:
 521 <501 500 499>
784 <445 501 499>

*********Collapsing 1063: 500 -> 525 = 0.0356113
Faces removed:
 801 <450 525 500>
542 <525 527 500>

*********Collapsing 236: 138 -> 139 = 0.0356113
Faces removed:
 108 <138 140 139>
962 <139 237 138>

*********Collapsing 211: 123 -> 124 = 0.0356113
Faces removed:
 98 <123 125 124>
1057 <124 213 123>

*********Collapsing 221: 129 -> 130 = 0.0356113
Faces removed:
 102 <131 129 130>
726 <129 222 130>

*********Collapsing 206: 120 -> 121 = 0.0356113
Faces removed:
 96 <120 122 121>
853 <121 210 120>

*********Collapsing 1053: 487 -> 519 = 0.0356113
Faces removed:
 538 <519 521 487>
912 <435 519 487>

*********Collapsing 1043: 474 -> 513 = 0.0356113
Faces removed:
 534 <513 515 474>
737 <421 513 474>

*********Collapsing 1041: 469 -> 510 = 0.0356113
Faces removed:
 533 <469 512 510>
1007 <412 469 510>

*********Collapsing 1051: 482 -> 516 = 0.0356113
Faces removed:
 537 <482 518 516>
677 <426 482 516>

*********Collapsing 243: 142 -> 143 = 0.0356113
Faces removed:
 111 <141 142 143>
792 <142 240 143>

*********Collapsing 231: 135 -> 136 = 0.0356113
Faces removed:
 106 <137 135 136>
901 <135 231 136>

*********Collapsing 226: 132 -> 133 = 0.0356113
Faces removed:
 104 <132 134 133>
668 <133 228 132>

*********Collapsing 216: 126 -> 127 = 0.0356113
Faces removed:
 100 <126 128 127>
998 <127 219 126>

*********Collapsing 1061: 495 -> 522 = 0.0356113
Faces removed:
 541 <495 524 522>
975 <440 495 522>

*********Collapsing 1031: 456 -> 504 = 0.0356113
Faces removed:
 529 <456 506 504>
864 <398 456 504>

*********Collapsing 1033: 461 -> 507 = 0.0356113
Faces removed:
 530 <507 509 461>
1068 <407 507 461>

*********Collapsing 258: 151 -> 153 = 0.0356308
Faces removed:
 117 <124 153 151>
1074 <153 253 151>

*********Collapsing 988: 486 -> 488 = 0.0356308
Faces removed:
 505 <488 519 486>
896 <431 488 486>

*********Collapsing 332: 196 -> 197 = 0.0356308
Faces removed:
 150 <139 196 197>
980 <196 292 197>

*********Collapsing 1010: 494 -> 496 = 0.0356308
Faces removed:
 518 <494 522 496>
983 <444 494 496>

*********Collapsing 278: 164 -> 165 = 0.0356308
Faces removed:
 126 <127 164 165>
988 <164 264 165>

*********Collapsing 312: 183 -> 185 = 0.0356308
Faces removed:
 141 <136 185 183>
895 <185 281 183>

*********Collapsing 952: 468 -> 470 = 0.0356308
Faces removed:
 486 <468 510 470>
991 <416 468 470>

*********Collapsing 930: 460 -> 462 = 0.0356308
Faces removed:
 473 <462 507 460>
1076 <403 462 460>

*********Collapsing 695: 356 -> 357 = 0.0393857
Faces removed:
 345 <356 316 357>
397 <357 388 356>

*********Collapsing 727: 368 -> 369 = 0.0393857
Faces removed:
 365 <368 324 369>
403 <369 392 368>

*********Collapsing 631: 332 -> 333 = 0.0393857
Faces removed:
 305 <332 300 333>
385 <333 380 332>

*********Collapsing 663: 344 -> 345 = 0.0393857
Faces removed:
 325 <344 308 345>
391 <345 384 344>

*********Collapsing 481: 270 -> 271 = 0.0393857
Faces removed:
 222 <223 271 270>
278 <271 314 270>

*********Collapsing 513: 284 -> 285 = 0.0393857
Faces removed:
 238 <232 285 284>
290 <285 322 284>

*********Collapsing 449: 256 -> 257 = 0.0393857
Faces removed:
 206 <214 257 256>
266 <257 306 256>

*********Collapsing 545: 298 -> 299 = 0.0393857
Faces removed:
 254 <241 299 298>
302 <299 330 298>

*********Collapsing 520: 286 -> 287 = 0.0393857
Faces removed:
 241 <238 287 286>
293 <287 324 286>

*********Collapsing 488: 272 -> 273 = 0.0393857
Faces removed:
 225 <229 273 272>
281 <273 316 272>

*********Collapsing 424: 244 -> 245 = 0.0393857
Faces removed:
 193 <211 245 244>
257 <245 300 244>

*********Collapsing 456: 258 -> 259 = 0.0393857
Faces removed:
 209 <220 259 258>
269 <259 308 258>

*********Collapsing 658: 342 -> 343 = 0.0393857
Faces removed:
 322 <306 343 342>
388 <343 382 342>

*********Collapsing 754: 378 -> 379 = 0.0393857
Faces removed:
 382 <330 379 378>
406 <379 394 378>

*********Collapsing 722: 366 -> 367 = 0.0393857
Faces removed:
 362 <322 367 366>
400 <367 390 366>

*********Collapsing 690: 354 -> 355 = 0.0393857
Faces removed:
 342 <314 355 354>
394 <355 386 354>

*********Collapsing 652: 305 -> 341 = 0.0410211
Faces removed:
 318 <305 255 341>
319 <305 341 340>

*********Collapsing 716: 321 -> 365 = 0.0410211
Faces removed:
 358 <321 283 365>
359 <321 365 364>

*********Collapsing 748: 329 -> 377 = 0.0410211
Faces removed:
 378 <329 297 377>
379 <329 377 376>

*********Collapsing 684: 313 -> 353 = 0.0410211
Faces removed:
 338 <313 269 353>
339 <313 353 352>

*********Collapsing 699: 318 -> 359 = 0.0410211
Faces removed:
 347 <359 274 318>
350 <318 358 359>

*********Collapsing 667: 310 -> 347 = 0.0410211
Faces removed:
 327 <347 260 310>
330 <310 346 347>

*********Collapsing 731: 326 -> 371 = 0.0410211
Faces removed:
 367 <371 288 326>
370 <326 370 371>

*********Collapsing 635: 302 -> 335 = 0.0410211
Faces removed:
 307 <335 246 302>
310 <302 334 335>

*********Collapsing 1608: 323 -> 684 = 0.0410214
Faces removed:
 923 <683 684 323>
930 <684 685 323>

*********Collapsing 1480: 331 -> 665 = 0.0410214
Faces removed:
 814 <665 331 666>
820 <665 667 331>

*********Collapsing 1360: 315 -> 646 = 0.0410214
Faces removed:
 710 <645 646 315>
716 <646 647 315>

*********Collapsing 1749: 307 -> 704 = 0.0410214
Faces removed:
 1041 <703 704 307>
1047 <704 705 307>

*********Collapsing 963: 420 -> 423 = 0.042208
Faces removed:
 492 <423 477 420>
719 <387 423 420>

*********Collapsing 934: 406 -> 409 = 0.042208
Faces removed:
 476 <409 464 406>
1050 <383 409 406>

*********Collapsing 918: 396 -> 399 = 0.042208
Faces removed:
 845 <381 399 396>
467 <399 454 396>

*********Collapsing 301: 176 -> 179 = 0.042208
Faces removed:
 685 <179 227 176>
137 <178 179 176>

*********Collapsing 992: 434 -> 437 = 0.042208
Faces removed:
 508 <437 490 434>
931 <391 437 434>

*********Collapsing 261: 155 -> 156 = 0.042208
Faces removed:
 118 <157 155 156>
1040 <155 217 156>

*********Collapsing 351: 206 -> 207 = 0.042208
Faces removed:
 813 <206 243 207>
159 <205 206 207>

*********Collapsing 315: 187 -> 188 = 0.042208
Faces removed:
 142 <189 187 188>
922 <187 235 188>

*********Collapsing 2315: 826 -> 827 = 0.0423277
Faces removed:
 1533 <827 618 826>
1490 <822 827 826>

*********Collapsing 1822: 721 -> 722 = 0.0423277
Faces removed:
 1150 <49 722 721>
1104 <722 717 721>

*********Collapsing 2539: 877 -> 878 = 0.0423277
Faces removed:
 1662 <876 878 877>
1667 <878 635 877>

*********Collapsing 2517: 873 -> 874 = 0.0423277
Faces removed:
 1643 <873 615 874>
1647 <841 873 874>

*********Collapsing 1903: 738 -> 739 = 0.0423277
Faces removed:
 1170 <738 723 739>
1184 <55 738 739>

*********Collapsing 2207: 813 -> 814 = 0.0423277
Faces removed:
 1437 <813 819 814>
1394 <39 813 814>

*********Collapsing 2706: 918 -> 919 = 0.0423277
Faces removed:
 1785 <919 639 918>
1821 <924 919 918>

*********Collapsing 2026: 768 -> 769 = 0.0423277
Faces removed:
 1261 <48 769 768>
1264 <769 736 768>

*********Collapsing 460: 221 -> 261 = 0.0438594
Faces removed:
 212 <261 260 221>
1000 <219 261 221>

*********Collapsing 492: 230 -> 275 = 0.0438594
Faces removed:
 228 <275 274 230>
671 <228 275 230>

*********Collapsing 507: 233 -> 279 = 0.0438594
Faces removed:
 235 <279 233 283>
906 <231 233 279>

*********Collapsing 539: 242 -> 293 = 0.0438594
Faces removed:
 251 <293 242 297>
796 <240 242 293>

*********Collapsing 902: 446 -> 447 = 0.0438594
Faces removed:
 459 <446 376 447>
799 <447 450 446>

*********Collapsing 428: 212 -> 247 = 0.0438594
Faces removed:
 196 <247 246 212>
858 <210 247 212>

*********Collapsing 873: 432 -> 433 = 0.0438594
Faces removed:
 445 <432 364 433>
908 <433 435 432>

*********Collapsing 524: 239 -> 289 = 0.0438594
Faces removed:
 244 <289 288 239>
969 <237 289 239>

*********Collapsing 833: 414 -> 415 = 0.0438594
Faces removed:
 424 <414 346 415>
1003 <415 412 414>

*********Collapsing 862: 428 -> 429 = 0.0438594
Faces removed:
 438 <428 358 429>
672 <429 426 428>

*********Collapsing 441: 215 -> 251 = 0.0438594
Faces removed:
 202 <251 215 255>
1062 <213 215 251>

*********Collapsing 475: 224 -> 265 = 0.0438594
Faces removed:
 219 <265 224 269>
732 <222 224 265>

*********Collapsing 815: 404 -> 405 = 0.0438594
Faces removed:
 417 <404 340 405>
1065 <405 407 404>

*********Collapsing 844: 418 -> 419 = 0.0438594
Faces removed:
 431 <418 352 419>
735 <419 421 418>

*********Collapsing 804: 400 -> 401 = 0.0438594
Faces removed:
 410 <400 334 401>
860 <401 398 400>

*********Collapsing 891: 442 -> 443 = 0.0438594
Faces removed:
 452 <442 370 443>
970 <443 440 442>

*********Collapsing 13: 8 -> 13 = 0.0459969
Faces removed:
 1326 <807 13 8>
5 <13 10 8>

*********Collapsing 1253: 629 -> 634 = 0.0459969
Faces removed:
 1582 <634 852 629>
630 <631 634 629>

*********Collapsing 1224: 610 -> 614 = 0.0459969
Faces removed:
 617 <615 614 610>
1616 <614 912 610>

*********Collapsing 35: 19 -> 23 = 0.0459969
Faces removed:
 16 <23 24 19>
1186 <747 23 19>

*********Collapsing 2373: 836 -> 839 = 0.0474676
Faces removed:
 1538 <836 872 839>
1537 <562 836 839>

*********Collapsing 1885: 731 -> 734 = 0.0474676
Faces removed:
 1157 <761 731 734>
1156 <731 79 734>

*********Collapsing 2689: 881 -> 917 = 0.0474676
Faces removed:
 1776 <574 917 881>
1770 <917 896 881>

*********Collapsing 2233: 808 -> 815 = 0.0474676
Faces removed:
 1415 <808 72 815>
1416 <805 808 815>

*********Collapsing 643: 336 -> 337 = 0.0490297
Faces removed:
 313 <303 337 336>
412 <336 337 401>

*********Collapsing 536: 294 -> 296 = 0.0490297
Faces removed:
 249 <293 296 294>
298 <296 328 294>

*********Collapsing 472: 266 -> 268 = 0.0490297
Faces removed:
 217 <265 268 266>
274 <268 312 266>

*********Collapsing 707: 360 -> 361 = 0.0490297
Faces removed:
 353 <319 361 360>
440 <360 361 429>

*********Collapsing 678: 350 -> 351 = 0.0490297
Faces removed:
 334 <350 312 351>
429 <351 419 350>

*********Collapsing 742: 374 -> 375 = 0.0490297
Faces removed:
 374 <374 328 375>
457 <375 447 374>

*********Collapsing 497: 276 -> 277 = 0.0490297
Faces removed:
 230 <275 277 276>
285 <276 277 319>

*********Collapsing 433: 248 -> 249 = 0.0490297
Faces removed:
 198 <247 249 248>
261 <248 249 303>

*********Collapsing 739: 372 -> 373 = 0.0494326
Faces removed:
 373 <327 373 372>
454 <372 373 443>

*********Collapsing 675: 348 -> 349 = 0.0494326
Faces removed:
 333 <311 349 348>
426 <348 349 415>

*********Collapsing 710: 362 -> 363 = 0.0494326
Faces removed:
 354 <362 320 363>
443 <363 433 362>

*********Collapsing 646: 338 -> 339 = 0.0494326
Faces removed:
 314 <338 304 339>
415 <339 405 338>

*********Collapsing 440: 252 -> 254 = 0.0494326
Faces removed:
 201 <251 254 252>
262 <254 304 252>

*********Collapsing 504: 280 -> 282 = 0.0494326
Faces removed:
 233 <279 282 280>
286 <282 320 280>

*********Collapsing 465: 262 -> 263 = 0.0494326
Faces removed:
 214 <261 263 262>
273 <262 263 311>

*********Collapsing 529: 290 -> 291 = 0.0494326
Faces removed:
 246 <289 291 290>
297 <290 291 327>

*********Collapsing 859: 426 -> 427 = 0.0497011
Faces removed:
 437 <388 426 427>
676 <426 480 427>

*********Collapsing 830: 412 -> 413 = 0.0497011
Faces removed:
 423 <384 412 413>
1006 <412 467 413>

*********Collapsing 888: 440 -> 441 = 0.0497011
Faces removed:
 451 <392 440 441>
977 <440 493 441>

*********Collapsing 909: 450 -> 451 = 0.0497011
Faces removed:
 462 <450 394 451>
805 <451 503 450>

*********Collapsing 381: 172 -> 222 = 0.0497011
Faces removed:
 173 <172 223 222>
731 <173 172 222>

*********Collapsing 373: 163 -> 219 = 0.0497011
Faces removed:
 170 <219 220 163>
994 <162 219 163>

*********Collapsing 407: 195 -> 237 = 0.0497011
Faces removed:
 186 <237 238 195>
964 <194 237 195>

*********Collapsing 356: 147 -> 210 = 0.0497011
Faces removed:
 162 <210 211 147>
855 <146 210 147>

*********Collapsing 1113: 552 -> 556 = 0.0507408
Faces removed:
 1804 <556 920 552>
562 <531 556 552>

*********Collapsing 107: 44 -> 72 = 0.0507408
Faces removed:
 1418 <815 44 72>
47 <72 44 69>

*********Collapsing 122: 50 -> 79 = 0.0507408
Faces removed:
 55 <79 50 80>
1160 <734 50 79>

*********Collapsing 1125: 558 -> 562 = 0.0507408
Faces removed:
 1539 <562 839 558>
568 <537 562 558>

*********Collapsing 142: 56 -> 89 = 0.0507408
Faces removed:
 65 <89 56 90>
1128 <724 56 89>

*********Collapsing 162: 62 -> 99 = 0.0507408
Faces removed:
 75 <99 62 100>
1392 <812 62 99>

*********Collapsing 1137: 564 -> 568 = 0.0507408
Faces removed:
 1512 <568 830 564>
574 <543 568 564>

*********Collapsing 1149: 570 -> 574 = 0.0507408
Faces removed:
 1771 <574 917 570>
580 <549 574 570>

*********Collapsing 848: 387 -> 422 = 0.0514671
Faces removed:
 433 <422 423 387>
714 <647 422 387>

*********Collapsing 355: 208 -> 209 = 0.0514671
Faces removed:
 840 <209 666 208>
161 <208 202 209>

*********Collapsing 819: 383 -> 408 = 0.0514671
Faces removed:
 419 <408 409 383>
1045 <705 408 383>

*********Collapsing 406: 234 -> 236 = 0.0514671
Faces removed:
 949 <236 683 234>
185 <234 192 236>

*********Collapsing 368: 216 -> 217 = 0.0514671
Faces removed:
 166 <156 216 217>
1043 <216 703 217>

*********Collapsing 386: 225 -> 226 = 0.0514671
Faces removed:
 712 <225 645 226>
175 <175 225 226>

*********Collapsing 877: 391 -> 436 = 0.0514671
Faces removed:
 447 <436 437 391>
927 <685 436 391>

*********Collapsing 797: 381 -> 397 = 0.0514671
Faces removed:
 408 <381 399 397>
844 <667 381 397>

*********Collapsing 1417: 416 -> 417 = 0.0514701
Faces removed:
 760 <351 417 416>
764 <417 470 416>

*********Collapsing 1432: 444 -> 445 = 0.0514701
Faces removed:
 772 <375 445 444>
776 <445 496 444>

*********Collapsing 1411: 264 -> 267 = 0.0514701
Faces removed:
 754 <165 267 264>
759 <267 268 264>

*********Collapsing 1424: 292 -> 295 = 0.0514701
Faces removed:
 766 <197 295 292>
771 <295 296 292>

*********Collapsing 1282: 430 -> 431 = 0.0514701
Faces removed:
 646 <361 431 430>
651 <431 488 430>

*********Collapsing 1561: 250 -> 253 = 0.0514701
Faces removed:
 885 <253 249 250>
880 <153 253 250>

*********Collapsing 1567: 402 -> 403 = 0.0514701
Faces removed:
 891 <403 462 402>
886 <337 403 402>

*********Collapsing 1274: 278 -> 281 = 0.0514701
Faces removed:
 640 <185 281 278>
644 <281 277 278>

*********Collapsing 152: 59 -> 772 = 0.0527208
Faces removed:
 70 <60 59 772>
71 <59 96 772>

*********Collapsing 92: 41 -> 816 = 0.0527208
Faces removed:
 40 <42 41 816>
41 <41 66 816>

*********Collapsing 1186: 567 -> 842 = 0.0527208
Faces removed:
 599 <567 569 842>
601 <567 842 628>

*********Collapsing 1162: 555 -> 914 = 0.0527208
Faces removed:
 587 <555 557 914>
589 <555 914 608>

*********Collapsing 132: 53 -> 720 = 0.0527208
Faces removed:
 60 <54 53 720>
61 <53 86 720>

*********Collapsing 2353: 624 -> 834 = 0.0550069
Faces removed:
 1522 <830 834 624>
1598 <834 859 624>

*********Collapsing 1918: 29 -> 741 = 0.0550069
Faces removed:
 1182 <29 55 741>
1210 <753 29 741>

*********Collapsing 2614: 604 -> 902 = 0.0550069
Faces removed:
 1791 <920 902 604>
1715 <902 901 604>

*********Collapsing 2476: 865 -> 868 = 0.0598522
Faces removed:
 1611 <865 848 868>
1625 <872 865 868>

*********Collapsing 778: 388 -> 389 = 0.06126
Faces removed:
 396 <357 388 389>
696 <388 427 389>

*********Collapsing 768: 384 -> 385 = 0.06126
Faces removed:
 390 <345 384 385>
1027 <384 413 385>

*********Collapsing 546: 241 -> 243 = 0.06126
Faces removed:
 812 <207 243 241>
255 <241 243 299>

*********Collapsing 484: 227 -> 229 = 0.06126
Faces removed:
 224 <229 273 227>
686 <179 229 227>

*********Collapsing 452: 218 -> 220 = 0.06126
Faces removed:
 208 <220 259 218>
1016 <219 220 218>

*********Collapsing 788: 392 -> 393 = 0.06126
Faces removed:
 402 <369 392 393>
955 <392 441 393>

*********Collapsing 795: 394 -> 395 = 0.06126
Faces removed:
 823 <395 451 394>
407 <379 395 394>

*********Collapsing 514: 232 -> 235 = 0.06126
Faces removed:
 921 <188 235 232>
239 <235 285 232>

*********Collapsing 1240: 621 -> 625 = 0.0627993
Faces removed:
 624 <625 834 621>
1479 <824 625 621>

*********Collapsing 1205: 605 -> 636 = 0.0627993
Faces removed:
 1832 <923 605 636>
608 <605 902 636>

*********Collapsing 34: 20 -> 24 = 0.0627993
Faces removed:
 15 <23 24 20>
1095 <24 719 20>

*********Collapsing 65: 35 -> 39 = 0.0627993
Faces removed:
 30 <35 39 37>
1433 <35 814 39>

*********Collapsing 1190: 628 -> 829 = 0.0674816
Faces removed:
 1562 <628 846 829>
600 <842 628 829>

*********Collapsing 84: 55 -> 724 = 0.0674816
Faces removed:
 37 <55 89 724>
1178 <741 55 724>

*********Collapsing 1166: 608 -> 913 = 0.0674816
Faces removed:
 588 <914 608 913>
1745 <608 910 913>

*********Collapsing 2110: 790 -> 803 = 0.0688949
Faces removed:
 1321 <803 790 744>
1322 <803 37 790>

*********Collapsing 2560: 901 -> 887 = 0.0688949
Faces removed:
 1708 <901 887 902>
1676 <901 848 887>

*********Collapsing 9: 10 -> 43 = 0.0728063
Faces removed:
 1367 <10 810 43>
3 <13 10 43>

*********Collapsing 1428: 327 -> 328 = 0.0820415
Faces removed:
 768 <291 328 327>
774 <328 373 327>

*********Collapsing 1563: 303 -> 304 = 0.0820415
Faces removed:
 889 <304 339 303>
882 <254 304 303>

*********Collapsing 1280: 319 -> 320 = 0.0820415
Faces removed:
 649 <320 363 319>
645 <282 320 319>

*********Collapsing 1413: 311 -> 312 = 0.0820415
Faces removed:
 756 <263 312 311>
762 <312 349 311>

*********Collapsing 570: 308 -> 309 = 0.0820457
Faces removed:
 268 <259 308 309>
324 <308 345 309>

*********Collapsing 550: 300 -> 301 = 0.0820457
Faces removed:
 256 <245 300 301>
304 <300 333 301>

*********Collapsing 610: 324 -> 325 = 0.0820457
Faces removed:
 292 <287 324 325>
364 <324 369 325>

*********Collapsing 590: 316 -> 317 = 0.0820457
Faces removed:
 280 <273 316 317>
344 <316 357 317>

*********Collapsing 1376: 822 -> 658 = 0.108607
Faces removed:
 725 <649 658 822>
1494 <658 827 822>

*********Collapsing 2389: 828 -> 696 = 0.108607
Faces removed:
 1556 <696 844 828>
1551 <687 696 828>

*********Collapsing 2757: 670 -> 925 = 0.108607
Faces removed:
 1829 <925 923 670>
1845 <675 925 670>

*********Collapsing 2265: 661 -> 820 = 0.108607
Faces removed:
 1444 <818 820 661>
1461 <820 673 661>

*********Collapsing 1737: 841 -> 709 = 0.108607
Faces removed:
 1032 <707 841 709>
1648 <841 874 709>

*********Collapsing 1631: 771 -> 691 = 0.108607
Faces removed:
 939 <771 682 691>
1278 <773 771 691>

*********Collapsing 2179: 702 -> 811 = 0.108607
Faces removed:
 1378 <702 711 811>
1369 <810 702 811>

*********Collapsing 1352: 717 -> 653 = 0.108607
Faces removed:
 1107 <722 653 717>
703 <653 652 717>

*********Collapsing 1867: 733 -> 761 = 0.108989
Faces removed:
 1142 <733 734 761>
1237 <764 733 761>

*********Collapsing 1155: 573 -> 575 = 0.114454
Faces removed:
 582 <575 573 549>
606 <573 575 919>

*********Collapsing 1129: 563 -> 561 = 0.114454
Faces removed:
 594 <561 563 827>
570 <563 561 537>

*********Collapsing 116: 47 -> 76 = 0.114454
Faces removed:
 51 <47 76 769>
53 <47 80 76>

*********Collapsing 2424: 852 -> 859 = 0.129604
Faces removed:
 1590 <846 852 859>
1574 <852 848 859>

*********Collapsing 2718: 921 -> 923 = 0.134491
Faces removed:
 1793 <921 636 923>
1828 <925 921 923>

*********Collapsing 2307: 824 -> 825 = 0.134491
Faces removed:
 1516 <825 625 824>
1484 <821 825 824>

*********Collapsing 2175: 809 -> 810 = 0.134491
Faces removed:
 1366 <43 810 809>
1370 <810 811 809>

*********Collapsing 1836: 678 -> 723 = 0.140736
Faces removed:
 1166 <723 682 678>
1118 <723 678 137>

*********Collapsing 2283: 641 -> 821 = 0.140736
Faces removed:
 1468 <641 821 649>
1465 <518 821 641>

*********Collapsing 2678: 611 -> 915 = 0.141244
Faces removed:
 1751 <915 611 913>
1650 <874 611 915>

*********Collapsing 2400: 631 -> 844 = 0.141244
Faces removed:
 1659 <878 631 844>
1567 <844 631 829>

*********Collapsing 1743: 157 -> 712 = 0.162434
Faces removed:
 1036 <711 157 712>
1059 <712 157 124>

*********Collapsing 1524: 454 -> 676 = 0.162434
Faces removed:
 862 <504 676 454>
849 <454 676 675>

*********Collapsing 1619: 490 -> 679 = 0.162434
Faces removed:
 934 <490 687 679>
914 <490 679 519>

*********Collapsing 1700: 467 -> 698 = 0.162434
Faces removed:
 1029 <467 698 707>
1004 <510 698 467>

*********Collapsing 1506: 146 -> 674 = 0.162434
Faces removed:
 832 <674 146 673>
856 <674 121 146>

*********Collapsing 1354: 173 -> 654 = 0.162434
Faces removed:
 706 <652 173 654>
729 <654 173 130>

*********Collapsing 1733: 465 -> 707 = 0.169296
Faces removed:
 1051 <465 707 714>
1030 <698 707 465>

*********Collapsing 1623: 491 -> 687 = 0.169296
Faces removed:
 935 <491 687 679>
957 <491 694 687>

*********Collapsing 1746: 158 -> 711 = 0.169296
Faces removed:
 1037 <711 158 712>
1013 <700 158 711>

*********Collapsing 1519: 452 -> 675 = 0.169296
Faces removed:
 847 <676 675 452>
827 <675 668 452>

*********Collapsing 1604: 190 -> 682 = 0.169296
Faces removed:
 940 <692 190 682>
919 <682 190 189>

*********Collapsing 1356: 174 -> 652 = 0.169296
Faces removed:
 705 <652 174 654>
682 <643 174 652>

*********Collapsing 1344: 478 -> 649 = 0.169296
Faces removed:
 699 <480 649 478>
723 <478 649 656>

*********Collapsing 1509: 203 -> 673 = 0.169296
Faces removed:
 833 <673 674 203>
811 <673 203 664>

*********Collapsing 2050: 30 -> 773 = 0.1843
Faces removed:
 1281 <60 773 30>
1173 <30 773 739>

*********Collapsing 87: 777 -> 60 = 0.186629
Faces removed:
 1291 <775 777 60>
38 <777 772 60>

*********Collapsing 2682: 524 -> 571 = 0.19007
Faces removed:
 1764 <524 571 876>
556 <524 549 571>

*********Collapsing 2327: 521 -> 569 = 0.19007
Faces removed:
 1502 <521 696 569>
555 <543 521 569>

*********Collapsing 1799: 82 -> 131 = 0.19007
Faces removed:
 1088 <653 131 82>
87 <82 131 80>

*********Collapsing 2762: 506 -> 553 = 0.19007
Faces removed:
 1847 <506 553 925>
544 <506 531 553>

*********Collapsing 2280: 518 -> 565 = 0.19007
Faces removed:
 552 <518 543 565>
1464 <518 565 821>

*********Collapsing 1805: 86 -> 134 = 0.19007
Faces removed:
 1080 <86 134 716>
88 <90 134 86>

*********Collapsing 2191: 96 -> 140 = 0.19007
Faces removed:
 92 <100 140 96>
1379 <96 140 691>

*********Collapsing 2241: 71 -> 125 = 0.19007
Faces removed:
 1426 <811 125 71>
83 <71 125 69>

*********Collapsing 2247: 102 -> 141 = 0.19007
Faces removed:
 1456 <819 141 102>
95 <102 141 100>

*********Collapsing 2270: 66 -> 122 = 0.19007
Faces removed:
 80 <69 122 66>
1463 <66 122 820>

*********Collapsing 1833: 92 -> 137 = 0.19007
Faces removed:
 1117 <723 137 92>
91 <92 137 90>

*********Collapsing 2383: 512 -> 559 = 0.19007
Faces removed:
 1548 <512 559 709>
548 <512 537 559>

*********Collapsing 2733: 509 -> 557 = 0.19007
Faces removed:
 1810 <509 916 557>
547 <531 509 557>

*********Collapsing 760: 334 -> 380 = 0.195415
Faces removed:
 469 <380 334 401>
386 <334 380 333>

*********Collapsing 445: 214 -> 255 = 0.195415
Faces removed:
 204 <214 255 251>
205 <255 214 257>

*********Collapsing 477: 223 -> 269 = 0.195415
Faces removed:
 220 <223 269 265>
221 <269 223 271>

*********Collapsing 781: 364 -> 390 = 0.195415
Faces removed:
 507 <433 364 390>
399 <367 390 364>

*********Collapsing 771: 352 -> 386 = 0.195415
Faces removed:
 490 <419 352 386>
393 <355 386 352>

*********Collapsing 761: 340 -> 382 = 0.195415
Faces removed:
 475 <405 340 382>
387 <343 382 340>

*********Collapsing 521: 238 -> 288 = 0.195415
Faces removed:
 243 <238 289 288>
242 <238 288 287>

*********Collapsing 425: 211 -> 246 = 0.195415
Faces removed:
 195 <211 247 246>
194 <211 246 245>

*********Collapsing 1783: 106 -> 152 = 0.196927
Faces removed:
 1073 <106 124 152>
869 <106 152 121>

*********Collapsing 1787: 459 -> 532 = 0.196927
Faces removed:
 1079 <507 532 459>
876 <459 532 504>

*********Collapsing 1442: 119 -> 200 = 0.196927
Faces removed:
 780 <119 143 200>
978 <119 200 139>

*********Collapsing 1573: 115 -> 184 = 0.196927
Faces removed:
 892 <115 136 184>
653 <115 184 133>

*********Collapsing 1579: 485 -> 544 = 0.196927
Faces removed:
 899 <519 544 485>
660 <485 544 516>

*********Collapsing 1449: 498 -> 550 = 0.196927
Faces removed:
 787 <525 550 498>
984 <498 550 522>

*********Collapsing 1399: 111 -> 168 = 0.196927
Faces removed:
 744 <111 130 168>
987 <111 168 127>

*********Collapsing 1406: 472 -> 538 = 0.196927
Faces removed:
 751 <513 538 472>
992 <472 538 510>

*********Collapsing 605: 285 -> 322 = 0.212492
Faces removed:
 289 <285 322 283>
291 <322 285 684>

*********Collapsing 565: 257 -> 306 = 0.212492
Faces removed:
 267 <306 257 704>
265 <257 306 255>

*********Collapsing 585: 271 -> 314 = 0.212492
Faces removed:
 279 <271 646 314>
277 <271 314 269>

*********Collapsing 625: 299 -> 330 = 0.212492
Faces removed:
 301 <299 330 297>
303 <299 665 330>

*********Collapsing 746: 297 -> 377 = 0.213919
Faces removed:
 377 <377 297 330>
300 <297 377 296>

*********Collapsing 714: 283 -> 365 = 0.213919
Faces removed:
 357 <365 283 322>
288 <283 365 282>

*********Collapsing 670: 347 -> 346 = 0.213919
Faces removed:
 329 <309 347 346>
331 <347 349 346>

*********Collapsing 733: 370 -> 371 = 0.213919
Faces removed:
 369 <325 371 370>
371 <371 373 370>

*********Collapsing 702: 359 -> 358 = 0.213919
Faces removed:
 349 <317 359 358>
351 <359 361 358>

*********Collapsing 1338: 646 -> 647 = 0.213922
Faces removed:
 694 <317 647 646>
717 <646 647 355>

*********Collapsing 1489: 665 -> 667 = 0.213922
Faces removed:
 841 <301 667 665>
819 <667 379 665>

*********Collapsing 1617: 684 -> 685 = 0.213922
Faces removed:
 953 <325 685 684>
929 <684 685 367>

*********Collapsing 1724: 704 -> 705 = 0.213922
Faces removed:
 1022 <309 705 704>
1048 <704 705 343>

*********Collapsing 1: 806 -> 37 = 0.214766
Faces removed:
 0 <806 39 37>
1336 <803 806 37>

*********Collapsing 1501: 668 -> 924 = 0.219611
Faces removed:
 829 <675 924 668>
1839 <668 924 527>

*********Collapsing 1706: 736 -> 700 = 0.219611
Faces removed:
 1163 <736 128 700>
1010 <736 700 711>

*********Collapsing 2680: 714 -> 916 = 0.219611
Faces removed:
 1809 <714 916 557>
1055 <707 916 714>

*********Collapsing 2531: 694 -> 876 = 0.219611
Faces removed:
 1763 <571 876 694>
961 <694 876 687>

*********Collapsing 1319: 716 -> 643 = 0.219611
Faces removed:
 1081 <716 134 643>
680 <716 643 652>

*********Collapsing 1473: 819 -> 664 = 0.219611
Faces removed:
 1455 <819 664 141>
807 <673 664 819>

*********Collapsing 459: 261 -> 260 = 0.225267
Faces removed:
 213 <261 263 260>
211 <220 261 260>

*********Collapsing 493: 274 -> 275 = 0.225267
Faces removed:
 227 <229 275 274>
229 <275 277 274>

*********Collapsing 901: 376 -> 447 = 0.225267
Faces removed:
 522 <447 376 395>
458 <375 376 447>

*********Collapsing 1369: 477 -> 656 = 0.226689
Faces removed:
 720 <649 656 477>
739 <477 656 513>

*********Collapsing 1636: 194 -> 692 = 0.226689
Faces removed:
 966 <692 139 194>
941 <692 194 682>

*********Collapsing 1766: 124 -> 213 = 0.248248
Faces removed:
 1056 <124 213 153>
1058 <712 213 124>

*********Collapsing 1307: 133 -> 228 = 0.248248
Faces removed:
 665 <133 228 178>
669 <133 181 228>

*********Collapsing 1454: 143 -> 240 = 0.248248
Faces removed:
 793 <143 240 201>
791 <205 240 143>

*********Collapsing 1390: 421 -> 513 = 0.248248
Faces removed:
 740 <421 656 513>
736 <421 513 475>

*********Collapsing 1543: 398 -> 504 = 0.248248
Faces removed:
 867 <457 504 398>
865 <398 504 676>

*********Collapsing 1594: 435 -> 519 = 0.248248
Faces removed:
 913 <435 679 519>
910 <435 519 488>

*********Collapsing 1780: 407 -> 507 = 0.248248
Faces removed:
 1070 <407 464 507>
1069 <407 507 462>

*********Collapsing 1580: 136 -> 231 = 0.248248
Faces removed:
 900 <136 231 185>
904 <189 231 136>

*********Collapsing 2362: 618 -> 838 = 0.253927
Faces removed:
 620 <625 838 618>
1528 <618 838 839>

*********Collapsing 2699: 639 -> 895 = 0.253927
Faces removed:
 638 <636 895 639>
1780 <639 895 917>

*********Collapsing 937: 409 -> 464 = 0.259959
Faces removed:
 478 <409 707 464>
1071 <409 464 507>

*********Collapsing 317: 188 -> 189 = 0.259959
Faces removed:
 146 <682 188 189>
905 <189 188 231>

*********Collapsing 302: 178 -> 179 = 0.259959
Faces removed:
 664 <178 228 179>
135 <178 179 652>

*********Collapsing 350: 205 -> 207 = 0.259959
Faces removed:
 157 <205 673 207>
790 <205 207 240>

*********Collapsing 1966: 753 -> 784 = 0.264332
Faces removed:
 1217 <784 741 753>
1218 <744 784 753>

*********Collapsing 1066: 525 -> 527 = 0.277119
Faces removed:
 804 <525 924 527>
789 <525 527 550>

*********Collapsing 218: 127 -> 128 = 0.277119
Faces removed:
 986 <168 127 128>
997 <128 127 700>

*********Collapsing 1514: 209 -> 666 = 0.283744
Faces removed:
 839 <209 245 666>
817 <209 666 243>

*********Collapsing 1641: 236 -> 683 = 0.283744
Faces removed:
 948 <236 287 683>
925 <236 683 235>

*********Collapsing 1362: 226 -> 645 = 0.283744
Faces removed:
 713 <226 645 314>
689 <229 645 226>

*********Collapsing 1751: 217 -> 703 = 0.283744
Faces removed:
 1044 <217 703 306>
1021 <220 703 217>

*********Collapsing 1877: 49 -> 722 = 0.295293
Faces removed:
 58 <79 49 722>
1149 <24 722 49>

*********Collapsing 777: 357 -> 389 = 0.310603
Faces removed:
 398 <358 389 357>
691 <357 389 647>

*********Collapsing 767: 345 -> 385 = 0.310603
Faces removed:
 392 <346 385 345>
1024 <345 385 705>

*********Collapsing 487: 229 -> 273 = 0.310603
Faces removed:
 690 <229 273 645>
226 <229 275 273>

*********Collapsing 455: 220 -> 259 = 0.310603
Faces removed:
 210 <220 260 259>
1020 <220 259 703>

*********Collapsing 787: 369 -> 393 = 0.310603
Faces removed:
 404 <371 393 369>
951 <369 393 685>

*********Collapsing 794: 379 -> 395 = 0.310603
Faces removed:
 818 <667 395 379>
405 <379 395 447>

*********Collapsing 70: 816 -> 42 = 0.312915
Faces removed:
 1405 <42 816 818>
32 <815 816 42>

*********Collapsing 1852: 24 -> 719 = 0.345797
Faces removed:
 1132 <24 720 719>
1109 <24 719 722>

*********Collapsing 2209: 812 -> 787 = 0.347312
Faces removed:
 1388 <787 812 60>
1400 <37 812 787>

*********Collapsing 1859: 54 -> 729 = 0.347312
Faces removed:
 1136 <729 54 23>
1127 <729 724 54>

*********Collapsing 629: 301 -> 333 = 0.365697
Faces removed:
 842 <301 333 667>
306 <301 380 333>

*********Collapsing 609: 287 -> 325 = 0.365697
Faces removed:
 294 <288 325 287>
946 <287 325 683>

*********Collapsing 2546: 878 -> 635 = 0.382574
Faces removed:
 603 <574 635 878>
1658 <878 635 844>

*********Collapsing 2513: 874 -> 615 = 0.382574
Faces removed:
 1651 <874 615 915>
591 <562 615 874>

*********Collapsing 113: 48 -> 769 = 0.382574
Faces removed:
 50 <48 76 769>
1268 <48 769 43>

*********Collapsing 2000: 744 -> 764 = 0.386512
Faces removed:
 1222 <744 764 807>
1240 <744 747 764>

*********Collapsing 2264: 820 -> 818 = 0.389981
Faces removed:
 1443 <42 820 818>
1435 <818 820 814>

*********Collapsing 2599: 896 -> 893 = 0.400822
Faces removed:
 1694 <896 887 893>
1702 <896 893 634>

*********Collapsing 102: 72 -> 69 = 0.414925
Faces removed:
 44 <72 69 42>
45 <69 72 125>

*********Collapsing 1115: 531 -> 556 = 0.414925
Faces removed:
 563 <531 914 556>
561 <531 556 553>

*********Collapsing 164: 99 -> 100 = 0.414925
Faces removed:
 73 <99 100 772>
76 <100 99 141>

*********Collapsing 1127: 537 -> 562 = 0.414925
Faces removed:
 569 <537 561 562>
567 <537 562 559>

*********Collapsing 1151: 549 -> 574 = 0.414925
Faces removed:
 581 <549 575 574>
579 <549 574 571>

*********Collapsing 1139: 543 -> 568 = 0.414925
Faces removed:
 575 <543 842 568>
573 <543 568 565>

*********Collapsing 121: 80 -> 79 = 0.414925
Faces removed:
 56 <80 79 131>
54 <79 80 76>

*********Collapsing 1839: 90 -> 89 = 0.414925
Faces removed:
 64 <89 90 720>
66 <90 89 137>

*********Collapsing 1003: 439 -> 493 = 0.457939
Faces removed:
 515 <441 493 439>
513 <439 493 687>

*********Collapsing 974: 425 -> 480 = 0.457939
Faces removed:
 499 <427 480 425>
497 <425 480 649>

*********Collapsing 1025: 449 -> 503 = 0.457939
Faces removed:
 526 <449 503 451>
525 <675 503 449>

*********Collapsing 272: 160 -> 162 = 0.457939
Faces removed:
 123 <711 162 160>
125 <162 219 160>

*********Collapsing 2507: 839 -> 872 = 0.489876
Faces removed:
 1638 <839 872 615>
1526 <839 838 872>

*********Collapsing 2165: 815 -> 805 = 0.489876
Faces removed:
 1403 <805 815 37>
1360 <805 43 815>

*********Collapsing 2649: 848 -> 912 = 0.497506
Faces removed:
 1723 <912 848 887>
1614 <868 848 912>

*********Collapsing 1189: 842 -> 829 = 0.535967
Faces removed:
 1568 <844 829 842>
1514 <842 829 568>

*********Collapsing 1165: 914 -> 913 = 0.535967
Faces removed:
 1750 <915 913 914>
1797 <914 913 556>

*********Collapsing 1410: 165 -> 267 = 0.539523
Faces removed:
 989 <165 267 260>
755 <169 267 165>

*********Collapsing 1784: 153 -> 253 = 0.539523
Faces removed:
 1075 <153 251 253>
881 <153 253 149>

*********Collapsing 1423: 197 -> 295 = 0.539523
Faces removed:
 981 <197 295 289>
767 <201 295 197>

*********Collapsing 1576: 431 -> 488 = 0.539523
Faces removed:
 897 <433 488 431>
650 <431 488 483>

*********Collapsing 1575: 185 -> 281 = 0.539523
Faces removed:
 894 <185 279 281>
641 <185 281 181>

*********Collapsing 1436: 445 -> 496 = 0.539523
Faces removed:
 777 <445 501 496>
982 <445 496 443>

*********Collapsing 1421: 417 -> 470 = 0.539523
Faces removed:
 765 <417 475 470>
990 <417 470 415>

*********Collapsing 1785: 403 -> 462 = 0.539523
Faces removed:
 1077 <405 462 403>
890 <403 462 457>

*********Collapsing 250: 121 -> 149 = 0.552522
Faces removed:
 115 <121 152 149>
852 <121 149 210>

*********Collapsing 284: 130 -> 169 = 0.552522
Faces removed:
 128 <130 169 168>
727 <130 222 169>

*********Collapsing 982: 516 -> 483 = 0.552522
Faces removed:
 679 <483 516 427>
503 <483 544 516>

*********Collapsing 850: 422 -> 423 = 0.559644
Faces removed:
 434 <423 422 480>
718 <422 423 386>

*********Collapsing 1518: 397 -> 399 = 0.559644
Faces removed:
 460 <503 397 399>
846 <380 399 397>

*********Collapsing 879: 436 -> 437 = 0.559644
Faces removed:
 448 <437 436 493>
932 <436 437 390>

*********Collapsing 1931: 23 -> 747 = 0.601087
Faces removed:
 1192 <747 729 23>
1243 <747 23 761>

*********Collapsing 806: 337 -> 401 = 0.602404
Faces removed:
 413 <337 462 401>
411 <337 401 380>

*********Collapsing 864: 361 -> 429 = 0.602404
Faces removed:
 441 <361 488 429>
439 <361 429 358>

*********Collapsing 432: 247 -> 249 = 0.602404
Faces removed:
 197 <247 249 246>
199 <247 253 249>

*********Collapsing 535: 293 -> 296 = 0.602404
Faces removed:
 248 <293 296 295>
250 <293 377 296>

*********Collapsing 471: 265 -> 268 = 0.602404
Faces removed:
 216 <265 268 267>
218 <265 269 268>

*********Collapsing 841: 351 -> 419 = 0.602404
Faces removed:
 430 <351 386 419>
428 <470 351 419>

*********Collapsing 363: 255 -> 251 = 0.622807
Faces removed:
 203 <254 251 255>
164 <213 255 251>

*********Collapsing 525: 288 -> 289 = 0.622807
Faces removed:
 245 <289 291 288>
187 <237 289 288>

*********Collapsing 990: 390 -> 433 = 0.622807
Faces removed:
 506 <433 390 519>
444 <363 390 433>

*********Collapsing 932: 382 -> 405 = 0.622807
Faces removed:
 474 <405 382 507>
416 <339 382 405>

*********Collapsing 824: 408 -> 411 = 0.635033
Faces removed:
 420 <464 408 411>
422 <385 411 408>

*********Collapsing 560: 254 -> 341 = 0.636649
Faces removed:
 264 <251 341 254>
263 <254 341 304>

*********Collapsing 2319: 658 -> 827 = 0.637707
Faces removed:
 1493 <658 825 827>
1488 <658 827 561>

*********Collapsing 773: 355 -> 386 = 0.648655
Faces removed:
 341 <386 314 355>
395 <386 355 423>

*********Collapsing 426: 245 -> 246 = 0.648655
Faces removed:
 258 <246 333 245>
192 <246 245 666>

*********Collapsing 2059: 60 -> 775 = 0.657214
Faces removed:
 24 <775 60 741>
1289 <787 60 775>

*********Collapsing 2354: 830 -> 834 = 0.659259
Faces removed:
 1524 <830 846 834>
1518 <830 834 625>

*********Collapsing 2710: 920 -> 902 = 0.659259
Faces removed:
 1787 <920 910 902>
1792 <920 902 636>

*********Collapsing 834: 349 -> 415 = 0.664342
Faces removed:
 425 <349 470 415>
427 <349 415 346>

*********Collapsing 503: 279 -> 282 = 0.664342
Faces removed:
 232 <279 282 281>
234 <279 365 282>

*********Collapsing 892: 373 -> 443 = 0.664342
Faces removed:
 453 <373 496 443>
455 <373 443 371>

*********Collapsing 1703: 413 -> 510 = 0.669533
Faces removed:
 1009 <470 510 413>
1005 <413 510 698>

*********Collapsing 1672: 441 -> 522 = 0.669533
Faces removed:
 976 <441 522 493>
974 <496 522 441>

*********Collapsing 1657: 139 -> 237 = 0.669533
Faces removed:
 963 <139 237 692>
965 <139 295 237>

Writing output to ../models/sphere75_GPU.off
Output: 232 vertices - 460 faces.
[0m